<?xml version="1.0" encoding="UTF-8"?>
<testsuite name="com.okta.springbootvue.SpringBootVueApplication.Controller.ElectionControllerTest" tests="15" skipped="3" failures="0" errors="0" timestamp="2019-11-09T05:15:21" hostname="DESKTOP-FS3LUFH" time="0.121">
  <properties/>
  <testcase name="deleteElection" classname="com.okta.springbootvue.SpringBootVueApplication.Controller.ElectionControllerTest" time="0.005"/>
  <testcase name="associateCandidate" classname="com.okta.springbootvue.SpringBootVueApplication.Controller.ElectionControllerTest" time="0.026"/>
  <testcase name="removeCandidate" classname="com.okta.springbootvue.SpringBootVueApplication.Controller.ElectionControllerTest" time="0.0">
    <skipped/>
  </testcase>
  <testcase name="validateCandidate" classname="com.okta.springbootvue.SpringBootVueApplication.Controller.ElectionControllerTest" time="0.008"/>
  <testcase name="listAllElections" classname="com.okta.springbootvue.SpringBootVueApplication.Controller.ElectionControllerTest" time="0.013"/>
  <testcase name="validateVoter" classname="com.okta.springbootvue.SpringBootVueApplication.Controller.ElectionControllerTest" time="0.0">
    <skipped/>
  </testcase>
  <testcase name="removeVoter" classname="com.okta.springbootvue.SpringBootVueApplication.Controller.ElectionControllerTest" time="0.005"/>
  <testcase name="modifyPolicy" classname="com.okta.springbootvue.SpringBootVueApplication.Controller.ElectionControllerTest" time="0.004"/>
  <testcase name="associateVoter" classname="com.okta.springbootvue.SpringBootVueApplication.Controller.ElectionControllerTest" time="0.005"/>
  <testcase name="modifyElection" classname="com.okta.springbootvue.SpringBootVueApplication.Controller.ElectionControllerTest" time="0.006"/>
  <testcase name="getPolicy" classname="com.okta.springbootvue.SpringBootVueApplication.Controller.ElectionControllerTest" time="0.006"/>
  <testcase name="newElection" classname="com.okta.springbootvue.SpringBootVueApplication.Controller.ElectionControllerTest" time="0.004"/>
  <testcase name="viewCandidates" classname="com.okta.springbootvue.SpringBootVueApplication.Controller.ElectionControllerTest" time="0.001">
    <skipped/>
  </testcase>
  <testcase name="createPolicy" classname="com.okta.springbootvue.SpringBootVueApplication.Controller.ElectionControllerTest" time="0.005"/>
  <testcase name="getElection" classname="com.okta.springbootvue.SpringBootVueApplication.Controller.ElectionControllerTest" time="0.005"/>
  <system-out><![CDATA[00:15:21.810 [Test worker] DEBUG org.springframework.test.context.junit4.SpringJUnit4ClassRunner - SpringJUnit4ClassRunner constructor called with [class com.okta.springbootvue.SpringBootVueApplication.Controller.ElectionControllerTest]
00:15:21.810 [Test worker] DEBUG org.springframework.test.context.BootstrapUtils - Instantiating CacheAwareContextLoaderDelegate from class [org.springframework.test.context.cache.DefaultCacheAwareContextLoaderDelegate]
00:15:21.810 [Test worker] DEBUG org.springframework.test.context.BootstrapUtils - Instantiating BootstrapContext using constructor [public org.springframework.test.context.support.DefaultBootstrapContext(java.lang.Class,org.springframework.test.context.CacheAwareContextLoaderDelegate)]
00:15:21.810 [Test worker] DEBUG org.springframework.test.context.BootstrapUtils - Instantiating TestContextBootstrapper for test class [com.okta.springbootvue.SpringBootVueApplication.Controller.ElectionControllerTest] from class [org.springframework.test.context.support.DefaultTestContextBootstrapper]
00:15:21.811 [Test worker] DEBUG org.springframework.test.context.support.AbstractDelegatingSmartContextLoader - Delegating to GenericXmlContextLoader to process context configuration [ContextConfigurationAttributes@14f78def declaringClass = 'com.okta.springbootvue.SpringBootVueApplication.Controller.ElectionControllerTest', classes = '{}', locations = '{classpath*:SpringBootVueApplication.class}', inheritLocations = true, initializers = '{}', inheritInitializers = true, name = [null], contextLoaderClass = 'org.springframework.test.context.ContextLoader'].
00:15:21.813 [Test worker] DEBUG org.springframework.test.context.support.ActiveProfilesUtils - Could not find an 'annotation declaring class' for annotation type [org.springframework.test.context.ActiveProfiles] and class [com.okta.springbootvue.SpringBootVueApplication.Controller.ElectionControllerTest]
00:15:21.813 [Test worker] DEBUG org.springframework.test.context.support.DefaultTestContextBootstrapper - @TestExecutionListeners is not present for class [com.okta.springbootvue.SpringBootVueApplication.Controller.ElectionControllerTest]: using defaults.
00:15:21.814 [Test worker] INFO org.springframework.test.context.support.DefaultTestContextBootstrapper - Loaded default TestExecutionListener class names from location [META-INF/spring.factories]: [org.springframework.boot.test.autoconfigure.restdocs.RestDocsTestExecutionListener, org.springframework.boot.test.autoconfigure.web.client.MockRestServiceServerResetTestExecutionListener, org.springframework.boot.test.autoconfigure.web.servlet.MockMvcPrintOnlyOnFailureTestExecutionListener, org.springframework.boot.test.autoconfigure.web.servlet.WebDriverTestExecutionListener, org.springframework.boot.test.mock.mockito.MockitoTestExecutionListener, org.springframework.boot.test.mock.mockito.ResetMocksTestExecutionListener, org.springframework.test.context.web.ServletTestExecutionListener, org.springframework.test.context.support.DirtiesContextBeforeModesTestExecutionListener, org.springframework.test.context.support.DependencyInjectionTestExecutionListener, org.springframework.test.context.support.DirtiesContextTestExecutionListener, org.springframework.test.context.transaction.TransactionalTestExecutionListener, org.springframework.test.context.jdbc.SqlScriptsTestExecutionListener]
00:15:21.814 [Test worker] INFO org.springframework.test.context.support.DefaultTestContextBootstrapper - Using TestExecutionListeners: [org.springframework.test.context.web.ServletTestExecutionListener@ebf04f2, org.springframework.test.context.support.DirtiesContextBeforeModesTestExecutionListener@2191dc82, org.springframework.boot.test.mock.mockito.MockitoTestExecutionListener@20076631, org.springframework.test.context.support.DependencyInjectionTestExecutionListener@8371f2b, org.springframework.test.context.support.DirtiesContextTestExecutionListener@7e59124b, org.springframework.test.context.transaction.TransactionalTestExecutionListener@5183b4ce, org.springframework.test.context.jdbc.SqlScriptsTestExecutionListener@4a2e6621, org.springframework.boot.test.autoconfigure.restdocs.RestDocsTestExecutionListener@7a50f608, org.springframework.boot.test.autoconfigure.web.client.MockRestServiceServerResetTestExecutionListener@4cad7843, org.springframework.boot.test.autoconfigure.web.servlet.MockMvcPrintOnlyOnFailureTestExecutionListener@c490dc, org.springframework.boot.test.autoconfigure.web.servlet.WebDriverTestExecutionListener@3962e18b, org.springframework.boot.test.mock.mockito.ResetMocksTestExecutionListener@447fa019]
00:15:21.814 [Test worker] DEBUG org.springframework.test.annotation.ProfileValueUtils - Retrieved @ProfileValueSourceConfiguration [null] for test class [com.okta.springbootvue.SpringBootVueApplication.Controller.ElectionControllerTest]
00:15:21.814 [Test worker] DEBUG org.springframework.test.annotation.ProfileValueUtils - Retrieved ProfileValueSource type [class org.springframework.test.annotation.SystemProfileValueSource] for class [com.okta.springbootvue.SpringBootVueApplication.Controller.ElectionControllerTest]
00:15:21.814 [Test worker] DEBUG org.springframework.test.annotation.ProfileValueUtils - Retrieved @ProfileValueSourceConfiguration [null] for test class [com.okta.springbootvue.SpringBootVueApplication.Controller.ElectionControllerTest]
00:15:21.815 [Test worker] DEBUG org.springframework.test.annotation.ProfileValueUtils - Retrieved ProfileValueSource type [class org.springframework.test.annotation.SystemProfileValueSource] for class [com.okta.springbootvue.SpringBootVueApplication.Controller.ElectionControllerTest]
00:15:21.815 [Test worker] DEBUG org.springframework.test.context.support.AbstractDirtiesContextTestExecutionListener - Before test class: context [DefaultTestContext@6337a7b5 testClass = ElectionControllerTest, testInstance = [null], testMethod = [null], testException = [null], mergedContextConfiguration = [MergedContextConfiguration@4751997f testClass = ElectionControllerTest, locations = '{classpath*:SpringBootVueApplication.class}', classes = '{}', contextInitializerClasses = '[]', activeProfiles = '{}', propertySourceLocations = '{}', propertySourceProperties = '{}', contextCustomizers = set[org.springframework.boot.test.autoconfigure.properties.PropertyMappingContextCustomizer@0, org.springframework.boot.test.autoconfigure.web.servlet.WebDriverContextCustomizerFactory$Customizer@5eba7a12, org.springframework.boot.test.context.filter.ExcludeFilterContextCustomizer@60e11cfd, org.springframework.boot.test.json.DuplicateJsonObjectContextCustomizerFactory$DuplicateJsonObjectContextCustomizer@736cf593, org.springframework.boot.test.mock.mockito.MockitoContextCustomizer@0], contextLoader = 'org.springframework.test.context.support.DelegatingSmartContextLoader', parent = [null]], attributes = map[[empty]]], class annotated with @DirtiesContext [false] with mode [null].
00:15:21.815 [Test worker] DEBUG org.springframework.test.annotation.ProfileValueUtils - Retrieved @ProfileValueSourceConfiguration [null] for test class [com.okta.springbootvue.SpringBootVueApplication.Controller.ElectionControllerTest]
00:15:21.816 [Test worker] DEBUG org.springframework.test.annotation.ProfileValueUtils - Retrieved ProfileValueSource type [class org.springframework.test.annotation.SystemProfileValueSource] for class [com.okta.springbootvue.SpringBootVueApplication.Controller.ElectionControllerTest]
00:15:21.881 [Test worker] DEBUG org.springframework.test.context.support.DependencyInjectionTestExecutionListener - Performing dependency injection for test context [[DefaultTestContext@6337a7b5 testClass = ElectionControllerTest, testInstance = com.okta.springbootvue.SpringBootVueApplication.Controller.ElectionControllerTest@724b9033, testMethod = [null], testException = [null], mergedContextConfiguration = [MergedContextConfiguration@4751997f testClass = ElectionControllerTest, locations = '{classpath*:SpringBootVueApplication.class}', classes = '{}', contextInitializerClasses = '[]', activeProfiles = '{}', propertySourceLocations = '{}', propertySourceProperties = '{}', contextCustomizers = set[org.springframework.boot.test.autoconfigure.properties.PropertyMappingContextCustomizer@0, org.springframework.boot.test.autoconfigure.web.servlet.WebDriverContextCustomizerFactory$Customizer@5eba7a12, org.springframework.boot.test.context.filter.ExcludeFilterContextCustomizer@60e11cfd, org.springframework.boot.test.json.DuplicateJsonObjectContextCustomizerFactory$DuplicateJsonObjectContextCustomizer@736cf593, org.springframework.boot.test.mock.mockito.MockitoContextCustomizer@0], contextLoader = 'org.springframework.test.context.support.DelegatingSmartContextLoader', parent = [null]], attributes = map[[empty]]]].
00:15:21.882 [Test worker] DEBUG org.springframework.test.context.cache.DefaultCacheAwareContextLoaderDelegate - Retrieved ApplicationContext from cache with key [[MergedContextConfiguration@4751997f testClass = ElectionControllerTest, locations = '{classpath*:SpringBootVueApplication.class}', classes = '{}', contextInitializerClasses = '[]', activeProfiles = '{}', propertySourceLocations = '{}', propertySourceProperties = '{}', contextCustomizers = set[org.springframework.boot.test.autoconfigure.properties.PropertyMappingContextCustomizer@0, org.springframework.boot.test.autoconfigure.web.servlet.WebDriverContextCustomizerFactory$Customizer@5eba7a12, org.springframework.boot.test.context.filter.ExcludeFilterContextCustomizer@60e11cfd, org.springframework.boot.test.json.DuplicateJsonObjectContextCustomizerFactory$DuplicateJsonObjectContextCustomizer@736cf593, org.springframework.boot.test.mock.mockito.MockitoContextCustomizer@0], contextLoader = 'org.springframework.test.context.support.DelegatingSmartContextLoader', parent = [null]]]
00:15:21.882 [Test worker] DEBUG org.springframework.test.context.cache - Spring test ApplicationContext cache statistics: [DefaultContextCache@fda4b80 size = 1, maxSize = 32, parentContextCount = 0, hitCount = 30, missCount = 1]
00:15:21.885 [Test worker] DEBUG org.springframework.test.context.support.AbstractDirtiesContextTestExecutionListener - Before test method: context [DefaultTestContext@6337a7b5 testClass = ElectionControllerTest, testInstance = com.okta.springbootvue.SpringBootVueApplication.Controller.ElectionControllerTest@724b9033, testMethod = deleteElection@ElectionControllerTest, testException = [null], mergedContextConfiguration = [MergedContextConfiguration@4751997f testClass = ElectionControllerTest, locations = '{classpath*:SpringBootVueApplication.class}', classes = '{}', contextInitializerClasses = '[]', activeProfiles = '{}', propertySourceLocations = '{}', propertySourceProperties = '{}', contextCustomizers = set[org.springframework.boot.test.autoconfigure.properties.PropertyMappingContextCustomizer@0, org.springframework.boot.test.autoconfigure.web.servlet.WebDriverContextCustomizerFactory$Customizer@5eba7a12, org.springframework.boot.test.context.filter.ExcludeFilterContextCustomizer@60e11cfd, org.springframework.boot.test.json.DuplicateJsonObjectContextCustomizerFactory$DuplicateJsonObjectContextCustomizer@736cf593, org.springframework.boot.test.mock.mockito.MockitoContextCustomizer@0], contextLoader = 'org.springframework.test.context.support.DelegatingSmartContextLoader', parent = [null]], attributes = map[[empty]]], class annotated with @DirtiesContext [false] with mode [null], method annotated with @DirtiesContext [false] with mode [null].
00:15:21.885 [Test worker] DEBUG org.springframework.test.context.cache.DefaultCacheAwareContextLoaderDelegate - Retrieved ApplicationContext from cache with key [[MergedContextConfiguration@4751997f testClass = ElectionControllerTest, locations = '{classpath*:SpringBootVueApplication.class}', classes = '{}', contextInitializerClasses = '[]', activeProfiles = '{}', propertySourceLocations = '{}', propertySourceProperties = '{}', contextCustomizers = set[org.springframework.boot.test.autoconfigure.properties.PropertyMappingContextCustomizer@0, org.springframework.boot.test.autoconfigure.web.servlet.WebDriverContextCustomizerFactory$Customizer@5eba7a12, org.springframework.boot.test.context.filter.ExcludeFilterContextCustomizer@60e11cfd, org.springframework.boot.test.json.DuplicateJsonObjectContextCustomizerFactory$DuplicateJsonObjectContextCustomizer@736cf593, org.springframework.boot.test.mock.mockito.MockitoContextCustomizer@0], contextLoader = 'org.springframework.test.context.support.DelegatingSmartContextLoader', parent = [null]]]
00:15:21.885 [Test worker] DEBUG org.springframework.test.context.cache - Spring test ApplicationContext cache statistics: [DefaultContextCache@fda4b80 size = 1, maxSize = 32, parentContextCount = 0, hitCount = 31, missCount = 1]
00:15:21.887 [Test worker] DEBUG org.springframework.test.context.cache.DefaultCacheAwareContextLoaderDelegate - Retrieved ApplicationContext from cache with key [[MergedContextConfiguration@4751997f testClass = ElectionControllerTest, locations = '{classpath*:SpringBootVueApplication.class}', classes = '{}', contextInitializerClasses = '[]', activeProfiles = '{}', propertySourceLocations = '{}', propertySourceProperties = '{}', contextCustomizers = set[org.springframework.boot.test.autoconfigure.properties.PropertyMappingContextCustomizer@0, org.springframework.boot.test.autoconfigure.web.servlet.WebDriverContextCustomizerFactory$Customizer@5eba7a12, org.springframework.boot.test.context.filter.ExcludeFilterContextCustomizer@60e11cfd, org.springframework.boot.test.json.DuplicateJsonObjectContextCustomizerFactory$DuplicateJsonObjectContextCustomizer@736cf593, org.springframework.boot.test.mock.mockito.MockitoContextCustomizer@0], contextLoader = 'org.springframework.test.context.support.DelegatingSmartContextLoader', parent = [null]]]
00:15:21.887 [Test worker] DEBUG org.springframework.test.context.cache - Spring test ApplicationContext cache statistics: [DefaultContextCache@fda4b80 size = 1, maxSize = 32, parentContextCount = 0, hitCount = 32, missCount = 1]
00:15:21.888 [Test worker] DEBUG org.springframework.test.context.cache.DefaultCacheAwareContextLoaderDelegate - Retrieved ApplicationContext from cache with key [[MergedContextConfiguration@4751997f testClass = ElectionControllerTest, locations = '{classpath*:SpringBootVueApplication.class}', classes = '{}', contextInitializerClasses = '[]', activeProfiles = '{}', propertySourceLocations = '{}', propertySourceProperties = '{}', contextCustomizers = set[org.springframework.boot.test.autoconfigure.properties.PropertyMappingContextCustomizer@0, org.springframework.boot.test.autoconfigure.web.servlet.WebDriverContextCustomizerFactory$Customizer@5eba7a12, org.springframework.boot.test.context.filter.ExcludeFilterContextCustomizer@60e11cfd, org.springframework.boot.test.json.DuplicateJsonObjectContextCustomizerFactory$DuplicateJsonObjectContextCustomizer@736cf593, org.springframework.boot.test.mock.mockito.MockitoContextCustomizer@0], contextLoader = 'org.springframework.test.context.support.DelegatingSmartContextLoader', parent = [null]]]
00:15:21.888 [Test worker] DEBUG org.springframework.test.context.cache - Spring test ApplicationContext cache statistics: [DefaultContextCache@fda4b80 size = 1, maxSize = 32, parentContextCount = 0, hitCount = 33, missCount = 1]
00:15:21.888 [Test worker] DEBUG org.springframework.test.context.cache.DefaultCacheAwareContextLoaderDelegate - Retrieved ApplicationContext from cache with key [[MergedContextConfiguration@4751997f testClass = ElectionControllerTest, locations = '{classpath*:SpringBootVueApplication.class}', classes = '{}', contextInitializerClasses = '[]', activeProfiles = '{}', propertySourceLocations = '{}', propertySourceProperties = '{}', contextCustomizers = set[org.springframework.boot.test.autoconfigure.properties.PropertyMappingContextCustomizer@0, org.springframework.boot.test.autoconfigure.web.servlet.WebDriverContextCustomizerFactory$Customizer@5eba7a12, org.springframework.boot.test.context.filter.ExcludeFilterContextCustomizer@60e11cfd, org.springframework.boot.test.json.DuplicateJsonObjectContextCustomizerFactory$DuplicateJsonObjectContextCustomizer@736cf593, org.springframework.boot.test.mock.mockito.MockitoContextCustomizer@0], contextLoader = 'org.springframework.test.context.support.DelegatingSmartContextLoader', parent = [null]]]
00:15:21.888 [Test worker] DEBUG org.springframework.test.context.cache - Spring test ApplicationContext cache statistics: [DefaultContextCache@fda4b80 size = 1, maxSize = 32, parentContextCount = 0, hitCount = 34, missCount = 1]
00:15:21.888 [Test worker] DEBUG org.springframework.test.context.cache.DefaultCacheAwareContextLoaderDelegate - Retrieved ApplicationContext from cache with key [[MergedContextConfiguration@4751997f testClass = ElectionControllerTest, locations = '{classpath*:SpringBootVueApplication.class}', classes = '{}', contextInitializerClasses = '[]', activeProfiles = '{}', propertySourceLocations = '{}', propertySourceProperties = '{}', contextCustomizers = set[org.springframework.boot.test.autoconfigure.properties.PropertyMappingContextCustomizer@0, org.springframework.boot.test.autoconfigure.web.servlet.WebDriverContextCustomizerFactory$Customizer@5eba7a12, org.springframework.boot.test.context.filter.ExcludeFilterContextCustomizer@60e11cfd, org.springframework.boot.test.json.DuplicateJsonObjectContextCustomizerFactory$DuplicateJsonObjectContextCustomizer@736cf593, org.springframework.boot.test.mock.mockito.MockitoContextCustomizer@0], contextLoader = 'org.springframework.test.context.support.DelegatingSmartContextLoader', parent = [null]]]
00:15:21.888 [Test worker] DEBUG org.springframework.test.context.cache - Spring test ApplicationContext cache statistics: [DefaultContextCache@fda4b80 size = 1, maxSize = 32, parentContextCount = 0, hitCount = 35, missCount = 1]
00:15:21.889 [Test worker] DEBUG org.springframework.test.context.support.AbstractDirtiesContextTestExecutionListener - After test method: context [DefaultTestContext@6337a7b5 testClass = ElectionControllerTest, testInstance = com.okta.springbootvue.SpringBootVueApplication.Controller.ElectionControllerTest@724b9033, testMethod = deleteElection@ElectionControllerTest, testException = [null], mergedContextConfiguration = [MergedContextConfiguration@4751997f testClass = ElectionControllerTest, locations = '{classpath*:SpringBootVueApplication.class}', classes = '{}', contextInitializerClasses = '[]', activeProfiles = '{}', propertySourceLocations = '{}', propertySourceProperties = '{}', contextCustomizers = set[org.springframework.boot.test.autoconfigure.properties.PropertyMappingContextCustomizer@0, org.springframework.boot.test.autoconfigure.web.servlet.WebDriverContextCustomizerFactory$Customizer@5eba7a12, org.springframework.boot.test.context.filter.ExcludeFilterContextCustomizer@60e11cfd, org.springframework.boot.test.json.DuplicateJsonObjectContextCustomizerFactory$DuplicateJsonObjectContextCustomizer@736cf593, org.springframework.boot.test.mock.mockito.MockitoContextCustomizer@0], contextLoader = 'org.springframework.test.context.support.DelegatingSmartContextLoader', parent = [null]], attributes = map[[empty]]], class annotated with @DirtiesContext [false] with mode [null], method annotated with @DirtiesContext [false] with mode [null].
00:15:21.890 [Test worker] DEBUG org.springframework.test.annotation.ProfileValueUtils - Retrieved @ProfileValueSourceConfiguration [null] for test class [com.okta.springbootvue.SpringBootVueApplication.Controller.ElectionControllerTest]
00:15:21.890 [Test worker] DEBUG org.springframework.test.annotation.ProfileValueUtils - Retrieved ProfileValueSource type [class org.springframework.test.annotation.SystemProfileValueSource] for class [com.okta.springbootvue.SpringBootVueApplication.Controller.ElectionControllerTest]
00:15:21.891 [Test worker] DEBUG org.springframework.test.context.support.DependencyInjectionTestExecutionListener - Performing dependency injection for test context [[DefaultTestContext@6337a7b5 testClass = ElectionControllerTest, testInstance = com.okta.springbootvue.SpringBootVueApplication.Controller.ElectionControllerTest@67ba3c44, testMethod = [null], testException = [null], mergedContextConfiguration = [MergedContextConfiguration@4751997f testClass = ElectionControllerTest, locations = '{classpath*:SpringBootVueApplication.class}', classes = '{}', contextInitializerClasses = '[]', activeProfiles = '{}', propertySourceLocations = '{}', propertySourceProperties = '{}', contextCustomizers = set[org.springframework.boot.test.autoconfigure.properties.PropertyMappingContextCustomizer@0, org.springframework.boot.test.autoconfigure.web.servlet.WebDriverContextCustomizerFactory$Customizer@5eba7a12, org.springframework.boot.test.context.filter.ExcludeFilterContextCustomizer@60e11cfd, org.springframework.boot.test.json.DuplicateJsonObjectContextCustomizerFactory$DuplicateJsonObjectContextCustomizer@736cf593, org.springframework.boot.test.mock.mockito.MockitoContextCustomizer@0], contextLoader = 'org.springframework.test.context.support.DelegatingSmartContextLoader', parent = [null]], attributes = map[[empty]]]].
00:15:21.891 [Test worker] DEBUG org.springframework.test.context.cache.DefaultCacheAwareContextLoaderDelegate - Retrieved ApplicationContext from cache with key [[MergedContextConfiguration@4751997f testClass = ElectionControllerTest, locations = '{classpath*:SpringBootVueApplication.class}', classes = '{}', contextInitializerClasses = '[]', activeProfiles = '{}', propertySourceLocations = '{}', propertySourceProperties = '{}', contextCustomizers = set[org.springframework.boot.test.autoconfigure.properties.PropertyMappingContextCustomizer@0, org.springframework.boot.test.autoconfigure.web.servlet.WebDriverContextCustomizerFactory$Customizer@5eba7a12, org.springframework.boot.test.context.filter.ExcludeFilterContextCustomizer@60e11cfd, org.springframework.boot.test.json.DuplicateJsonObjectContextCustomizerFactory$DuplicateJsonObjectContextCustomizer@736cf593, org.springframework.boot.test.mock.mockito.MockitoContextCustomizer@0], contextLoader = 'org.springframework.test.context.support.DelegatingSmartContextLoader', parent = [null]]]
00:15:21.892 [Test worker] DEBUG org.springframework.test.context.cache - Spring test ApplicationContext cache statistics: [DefaultContextCache@fda4b80 size = 1, maxSize = 32, parentContextCount = 0, hitCount = 36, missCount = 1]
00:15:21.893 [Test worker] DEBUG org.springframework.test.context.support.AbstractDirtiesContextTestExecutionListener - Before test method: context [DefaultTestContext@6337a7b5 testClass = ElectionControllerTest, testInstance = com.okta.springbootvue.SpringBootVueApplication.Controller.ElectionControllerTest@67ba3c44, testMethod = associateCandidate@ElectionControllerTest, testException = [null], mergedContextConfiguration = [MergedContextConfiguration@4751997f testClass = ElectionControllerTest, locations = '{classpath*:SpringBootVueApplication.class}', classes = '{}', contextInitializerClasses = '[]', activeProfiles = '{}', propertySourceLocations = '{}', propertySourceProperties = '{}', contextCustomizers = set[org.springframework.boot.test.autoconfigure.properties.PropertyMappingContextCustomizer@0, org.springframework.boot.test.autoconfigure.web.servlet.WebDriverContextCustomizerFactory$Customizer@5eba7a12, org.springframework.boot.test.context.filter.ExcludeFilterContextCustomizer@60e11cfd, org.springframework.boot.test.json.DuplicateJsonObjectContextCustomizerFactory$DuplicateJsonObjectContextCustomizer@736cf593, org.springframework.boot.test.mock.mockito.MockitoContextCustomizer@0], contextLoader = 'org.springframework.test.context.support.DelegatingSmartContextLoader', parent = [null]], attributes = map[[empty]]], class annotated with @DirtiesContext [false] with mode [null], method annotated with @DirtiesContext [false] with mode [null].
00:15:21.894 [Test worker] DEBUG org.springframework.test.context.cache.DefaultCacheAwareContextLoaderDelegate - Retrieved ApplicationContext from cache with key [[MergedContextConfiguration@4751997f testClass = ElectionControllerTest, locations = '{classpath*:SpringBootVueApplication.class}', classes = '{}', contextInitializerClasses = '[]', activeProfiles = '{}', propertySourceLocations = '{}', propertySourceProperties = '{}', contextCustomizers = set[org.springframework.boot.test.autoconfigure.properties.PropertyMappingContextCustomizer@0, org.springframework.boot.test.autoconfigure.web.servlet.WebDriverContextCustomizerFactory$Customizer@5eba7a12, org.springframework.boot.test.context.filter.ExcludeFilterContextCustomizer@60e11cfd, org.springframework.boot.test.json.DuplicateJsonObjectContextCustomizerFactory$DuplicateJsonObjectContextCustomizer@736cf593, org.springframework.boot.test.mock.mockito.MockitoContextCustomizer@0], contextLoader = 'org.springframework.test.context.support.DelegatingSmartContextLoader', parent = [null]]]
00:15:21.894 [Test worker] DEBUG org.springframework.test.context.cache - Spring test ApplicationContext cache statistics: [DefaultContextCache@fda4b80 size = 1, maxSize = 32, parentContextCount = 0, hitCount = 37, missCount = 1]
00:15:21.915 [Test worker] DEBUG org.springframework.test.context.cache.DefaultCacheAwareContextLoaderDelegate - Retrieved ApplicationContext from cache with key [[MergedContextConfiguration@4751997f testClass = ElectionControllerTest, locations = '{classpath*:SpringBootVueApplication.class}', classes = '{}', contextInitializerClasses = '[]', activeProfiles = '{}', propertySourceLocations = '{}', propertySourceProperties = '{}', contextCustomizers = set[org.springframework.boot.test.autoconfigure.properties.PropertyMappingContextCustomizer@0, org.springframework.boot.test.autoconfigure.web.servlet.WebDriverContextCustomizerFactory$Customizer@5eba7a12, org.springframework.boot.test.context.filter.ExcludeFilterContextCustomizer@60e11cfd, org.springframework.boot.test.json.DuplicateJsonObjectContextCustomizerFactory$DuplicateJsonObjectContextCustomizer@736cf593, org.springframework.boot.test.mock.mockito.MockitoContextCustomizer@0], contextLoader = 'org.springframework.test.context.support.DelegatingSmartContextLoader', parent = [null]]]
00:15:21.915 [Test worker] DEBUG org.springframework.test.context.cache - Spring test ApplicationContext cache statistics: [DefaultContextCache@fda4b80 size = 1, maxSize = 32, parentContextCount = 0, hitCount = 38, missCount = 1]
00:15:21.916 [Test worker] DEBUG org.springframework.test.context.cache.DefaultCacheAwareContextLoaderDelegate - Retrieved ApplicationContext from cache with key [[MergedContextConfiguration@4751997f testClass = ElectionControllerTest, locations = '{classpath*:SpringBootVueApplication.class}', classes = '{}', contextInitializerClasses = '[]', activeProfiles = '{}', propertySourceLocations = '{}', propertySourceProperties = '{}', contextCustomizers = set[org.springframework.boot.test.autoconfigure.properties.PropertyMappingContextCustomizer@0, org.springframework.boot.test.autoconfigure.web.servlet.WebDriverContextCustomizerFactory$Customizer@5eba7a12, org.springframework.boot.test.context.filter.ExcludeFilterContextCustomizer@60e11cfd, org.springframework.boot.test.json.DuplicateJsonObjectContextCustomizerFactory$DuplicateJsonObjectContextCustomizer@736cf593, org.springframework.boot.test.mock.mockito.MockitoContextCustomizer@0], contextLoader = 'org.springframework.test.context.support.DelegatingSmartContextLoader', parent = [null]]]
00:15:21.916 [Test worker] DEBUG org.springframework.test.context.cache - Spring test ApplicationContext cache statistics: [DefaultContextCache@fda4b80 size = 1, maxSize = 32, parentContextCount = 0, hitCount = 39, missCount = 1]
00:15:21.916 [Test worker] DEBUG org.springframework.test.context.cache.DefaultCacheAwareContextLoaderDelegate - Retrieved ApplicationContext from cache with key [[MergedContextConfiguration@4751997f testClass = ElectionControllerTest, locations = '{classpath*:SpringBootVueApplication.class}', classes = '{}', contextInitializerClasses = '[]', activeProfiles = '{}', propertySourceLocations = '{}', propertySourceProperties = '{}', contextCustomizers = set[org.springframework.boot.test.autoconfigure.properties.PropertyMappingContextCustomizer@0, org.springframework.boot.test.autoconfigure.web.servlet.WebDriverContextCustomizerFactory$Customizer@5eba7a12, org.springframework.boot.test.context.filter.ExcludeFilterContextCustomizer@60e11cfd, org.springframework.boot.test.json.DuplicateJsonObjectContextCustomizerFactory$DuplicateJsonObjectContextCustomizer@736cf593, org.springframework.boot.test.mock.mockito.MockitoContextCustomizer@0], contextLoader = 'org.springframework.test.context.support.DelegatingSmartContextLoader', parent = [null]]]
00:15:21.916 [Test worker] DEBUG org.springframework.test.context.cache - Spring test ApplicationContext cache statistics: [DefaultContextCache@fda4b80 size = 1, maxSize = 32, parentContextCount = 0, hitCount = 40, missCount = 1]
00:15:21.917 [Test worker] DEBUG org.springframework.test.context.cache.DefaultCacheAwareContextLoaderDelegate - Retrieved ApplicationContext from cache with key [[MergedContextConfiguration@4751997f testClass = ElectionControllerTest, locations = '{classpath*:SpringBootVueApplication.class}', classes = '{}', contextInitializerClasses = '[]', activeProfiles = '{}', propertySourceLocations = '{}', propertySourceProperties = '{}', contextCustomizers = set[org.springframework.boot.test.autoconfigure.properties.PropertyMappingContextCustomizer@0, org.springframework.boot.test.autoconfigure.web.servlet.WebDriverContextCustomizerFactory$Customizer@5eba7a12, org.springframework.boot.test.context.filter.ExcludeFilterContextCustomizer@60e11cfd, org.springframework.boot.test.json.DuplicateJsonObjectContextCustomizerFactory$DuplicateJsonObjectContextCustomizer@736cf593, org.springframework.boot.test.mock.mockito.MockitoContextCustomizer@0], contextLoader = 'org.springframework.test.context.support.DelegatingSmartContextLoader', parent = [null]]]
00:15:21.917 [Test worker] DEBUG org.springframework.test.context.cache - Spring test ApplicationContext cache statistics: [DefaultContextCache@fda4b80 size = 1, maxSize = 32, parentContextCount = 0, hitCount = 41, missCount = 1]
00:15:21.918 [Test worker] DEBUG org.springframework.test.context.support.AbstractDirtiesContextTestExecutionListener - After test method: context [DefaultTestContext@6337a7b5 testClass = ElectionControllerTest, testInstance = com.okta.springbootvue.SpringBootVueApplication.Controller.ElectionControllerTest@67ba3c44, testMethod = associateCandidate@ElectionControllerTest, testException = [null], mergedContextConfiguration = [MergedContextConfiguration@4751997f testClass = ElectionControllerTest, locations = '{classpath*:SpringBootVueApplication.class}', classes = '{}', contextInitializerClasses = '[]', activeProfiles = '{}', propertySourceLocations = '{}', propertySourceProperties = '{}', contextCustomizers = set[org.springframework.boot.test.autoconfigure.properties.PropertyMappingContextCustomizer@0, org.springframework.boot.test.autoconfigure.web.servlet.WebDriverContextCustomizerFactory$Customizer@5eba7a12, org.springframework.boot.test.context.filter.ExcludeFilterContextCustomizer@60e11cfd, org.springframework.boot.test.json.DuplicateJsonObjectContextCustomizerFactory$DuplicateJsonObjectContextCustomizer@736cf593, org.springframework.boot.test.mock.mockito.MockitoContextCustomizer@0], contextLoader = 'org.springframework.test.context.support.DelegatingSmartContextLoader', parent = [null]], attributes = map[[empty]]], class annotated with @DirtiesContext [false] with mode [null], method annotated with @DirtiesContext [false] with mode [null].
00:15:21.918 [Test worker] DEBUG org.springframework.test.annotation.ProfileValueUtils - Retrieved @ProfileValueSourceConfiguration [null] for test class [com.okta.springbootvue.SpringBootVueApplication.Controller.ElectionControllerTest]
00:15:21.918 [Test worker] DEBUG org.springframework.test.annotation.ProfileValueUtils - Retrieved ProfileValueSource type [class org.springframework.test.annotation.SystemProfileValueSource] for class [com.okta.springbootvue.SpringBootVueApplication.Controller.ElectionControllerTest]
00:15:21.920 [Test worker] DEBUG org.springframework.test.context.support.DependencyInjectionTestExecutionListener - Performing dependency injection for test context [[DefaultTestContext@6337a7b5 testClass = ElectionControllerTest, testInstance = com.okta.springbootvue.SpringBootVueApplication.Controller.ElectionControllerTest@18b71d42, testMethod = [null], testException = [null], mergedContextConfiguration = [MergedContextConfiguration@4751997f testClass = ElectionControllerTest, locations = '{classpath*:SpringBootVueApplication.class}', classes = '{}', contextInitializerClasses = '[]', activeProfiles = '{}', propertySourceLocations = '{}', propertySourceProperties = '{}', contextCustomizers = set[org.springframework.boot.test.autoconfigure.properties.PropertyMappingContextCustomizer@0, org.springframework.boot.test.autoconfigure.web.servlet.WebDriverContextCustomizerFactory$Customizer@5eba7a12, org.springframework.boot.test.context.filter.ExcludeFilterContextCustomizer@60e11cfd, org.springframework.boot.test.json.DuplicateJsonObjectContextCustomizerFactory$DuplicateJsonObjectContextCustomizer@736cf593, org.springframework.boot.test.mock.mockito.MockitoContextCustomizer@0], contextLoader = 'org.springframework.test.context.support.DelegatingSmartContextLoader', parent = [null]], attributes = map[[empty]]]].
00:15:21.921 [Test worker] DEBUG org.springframework.test.context.cache.DefaultCacheAwareContextLoaderDelegate - Retrieved ApplicationContext from cache with key [[MergedContextConfiguration@4751997f testClass = ElectionControllerTest, locations = '{classpath*:SpringBootVueApplication.class}', classes = '{}', contextInitializerClasses = '[]', activeProfiles = '{}', propertySourceLocations = '{}', propertySourceProperties = '{}', contextCustomizers = set[org.springframework.boot.test.autoconfigure.properties.PropertyMappingContextCustomizer@0, org.springframework.boot.test.autoconfigure.web.servlet.WebDriverContextCustomizerFactory$Customizer@5eba7a12, org.springframework.boot.test.context.filter.ExcludeFilterContextCustomizer@60e11cfd, org.springframework.boot.test.json.DuplicateJsonObjectContextCustomizerFactory$DuplicateJsonObjectContextCustomizer@736cf593, org.springframework.boot.test.mock.mockito.MockitoContextCustomizer@0], contextLoader = 'org.springframework.test.context.support.DelegatingSmartContextLoader', parent = [null]]]
00:15:21.921 [Test worker] DEBUG org.springframework.test.context.cache - Spring test ApplicationContext cache statistics: [DefaultContextCache@fda4b80 size = 1, maxSize = 32, parentContextCount = 0, hitCount = 42, missCount = 1]
00:15:21.922 [Test worker] DEBUG org.springframework.test.context.support.AbstractDirtiesContextTestExecutionListener - Before test method: context [DefaultTestContext@6337a7b5 testClass = ElectionControllerTest, testInstance = com.okta.springbootvue.SpringBootVueApplication.Controller.ElectionControllerTest@18b71d42, testMethod = validateCandidate@ElectionControllerTest, testException = [null], mergedContextConfiguration = [MergedContextConfiguration@4751997f testClass = ElectionControllerTest, locations = '{classpath*:SpringBootVueApplication.class}', classes = '{}', contextInitializerClasses = '[]', activeProfiles = '{}', propertySourceLocations = '{}', propertySourceProperties = '{}', contextCustomizers = set[org.springframework.boot.test.autoconfigure.properties.PropertyMappingContextCustomizer@0, org.springframework.boot.test.autoconfigure.web.servlet.WebDriverContextCustomizerFactory$Customizer@5eba7a12, org.springframework.boot.test.context.filter.ExcludeFilterContextCustomizer@60e11cfd, org.springframework.boot.test.json.DuplicateJsonObjectContextCustomizerFactory$DuplicateJsonObjectContextCustomizer@736cf593, org.springframework.boot.test.mock.mockito.MockitoContextCustomizer@0], contextLoader = 'org.springframework.test.context.support.DelegatingSmartContextLoader', parent = [null]], attributes = map[[empty]]], class annotated with @DirtiesContext [false] with mode [null], method annotated with @DirtiesContext [false] with mode [null].
00:15:21.923 [Test worker] DEBUG org.springframework.test.context.cache.DefaultCacheAwareContextLoaderDelegate - Retrieved ApplicationContext from cache with key [[MergedContextConfiguration@4751997f testClass = ElectionControllerTest, locations = '{classpath*:SpringBootVueApplication.class}', classes = '{}', contextInitializerClasses = '[]', activeProfiles = '{}', propertySourceLocations = '{}', propertySourceProperties = '{}', contextCustomizers = set[org.springframework.boot.test.autoconfigure.properties.PropertyMappingContextCustomizer@0, org.springframework.boot.test.autoconfigure.web.servlet.WebDriverContextCustomizerFactory$Customizer@5eba7a12, org.springframework.boot.test.context.filter.ExcludeFilterContextCustomizer@60e11cfd, org.springframework.boot.test.json.DuplicateJsonObjectContextCustomizerFactory$DuplicateJsonObjectContextCustomizer@736cf593, org.springframework.boot.test.mock.mockito.MockitoContextCustomizer@0], contextLoader = 'org.springframework.test.context.support.DelegatingSmartContextLoader', parent = [null]]]
00:15:21.923 [Test worker] DEBUG org.springframework.test.context.cache - Spring test ApplicationContext cache statistics: [DefaultContextCache@fda4b80 size = 1, maxSize = 32, parentContextCount = 0, hitCount = 43, missCount = 1]
00:15:21.925 [Test worker] DEBUG org.springframework.test.context.cache.DefaultCacheAwareContextLoaderDelegate - Retrieved ApplicationContext from cache with key [[MergedContextConfiguration@4751997f testClass = ElectionControllerTest, locations = '{classpath*:SpringBootVueApplication.class}', classes = '{}', contextInitializerClasses = '[]', activeProfiles = '{}', propertySourceLocations = '{}', propertySourceProperties = '{}', contextCustomizers = set[org.springframework.boot.test.autoconfigure.properties.PropertyMappingContextCustomizer@0, org.springframework.boot.test.autoconfigure.web.servlet.WebDriverContextCustomizerFactory$Customizer@5eba7a12, org.springframework.boot.test.context.filter.ExcludeFilterContextCustomizer@60e11cfd, org.springframework.boot.test.json.DuplicateJsonObjectContextCustomizerFactory$DuplicateJsonObjectContextCustomizer@736cf593, org.springframework.boot.test.mock.mockito.MockitoContextCustomizer@0], contextLoader = 'org.springframework.test.context.support.DelegatingSmartContextLoader', parent = [null]]]
00:15:21.926 [Test worker] DEBUG org.springframework.test.context.cache - Spring test ApplicationContext cache statistics: [DefaultContextCache@fda4b80 size = 1, maxSize = 32, parentContextCount = 0, hitCount = 44, missCount = 1]
00:15:21.926 [Test worker] DEBUG org.springframework.test.context.cache.DefaultCacheAwareContextLoaderDelegate - Retrieved ApplicationContext from cache with key [[MergedContextConfiguration@4751997f testClass = ElectionControllerTest, locations = '{classpath*:SpringBootVueApplication.class}', classes = '{}', contextInitializerClasses = '[]', activeProfiles = '{}', propertySourceLocations = '{}', propertySourceProperties = '{}', contextCustomizers = set[org.springframework.boot.test.autoconfigure.properties.PropertyMappingContextCustomizer@0, org.springframework.boot.test.autoconfigure.web.servlet.WebDriverContextCustomizerFactory$Customizer@5eba7a12, org.springframework.boot.test.context.filter.ExcludeFilterContextCustomizer@60e11cfd, org.springframework.boot.test.json.DuplicateJsonObjectContextCustomizerFactory$DuplicateJsonObjectContextCustomizer@736cf593, org.springframework.boot.test.mock.mockito.MockitoContextCustomizer@0], contextLoader = 'org.springframework.test.context.support.DelegatingSmartContextLoader', parent = [null]]]
00:15:21.926 [Test worker] DEBUG org.springframework.test.context.cache - Spring test ApplicationContext cache statistics: [DefaultContextCache@fda4b80 size = 1, maxSize = 32, parentContextCount = 0, hitCount = 45, missCount = 1]
00:15:21.927 [Test worker] DEBUG org.springframework.test.context.cache.DefaultCacheAwareContextLoaderDelegate - Retrieved ApplicationContext from cache with key [[MergedContextConfiguration@4751997f testClass = ElectionControllerTest, locations = '{classpath*:SpringBootVueApplication.class}', classes = '{}', contextInitializerClasses = '[]', activeProfiles = '{}', propertySourceLocations = '{}', propertySourceProperties = '{}', contextCustomizers = set[org.springframework.boot.test.autoconfigure.properties.PropertyMappingContextCustomizer@0, org.springframework.boot.test.autoconfigure.web.servlet.WebDriverContextCustomizerFactory$Customizer@5eba7a12, org.springframework.boot.test.context.filter.ExcludeFilterContextCustomizer@60e11cfd, org.springframework.boot.test.json.DuplicateJsonObjectContextCustomizerFactory$DuplicateJsonObjectContextCustomizer@736cf593, org.springframework.boot.test.mock.mockito.MockitoContextCustomizer@0], contextLoader = 'org.springframework.test.context.support.DelegatingSmartContextLoader', parent = [null]]]
00:15:21.927 [Test worker] DEBUG org.springframework.test.context.cache - Spring test ApplicationContext cache statistics: [DefaultContextCache@fda4b80 size = 1, maxSize = 32, parentContextCount = 0, hitCount = 46, missCount = 1]
00:15:21.927 [Test worker] DEBUG org.springframework.test.context.cache.DefaultCacheAwareContextLoaderDelegate - Retrieved ApplicationContext from cache with key [[MergedContextConfiguration@4751997f testClass = ElectionControllerTest, locations = '{classpath*:SpringBootVueApplication.class}', classes = '{}', contextInitializerClasses = '[]', activeProfiles = '{}', propertySourceLocations = '{}', propertySourceProperties = '{}', contextCustomizers = set[org.springframework.boot.test.autoconfigure.properties.PropertyMappingContextCustomizer@0, org.springframework.boot.test.autoconfigure.web.servlet.WebDriverContextCustomizerFactory$Customizer@5eba7a12, org.springframework.boot.test.context.filter.ExcludeFilterContextCustomizer@60e11cfd, org.springframework.boot.test.json.DuplicateJsonObjectContextCustomizerFactory$DuplicateJsonObjectContextCustomizer@736cf593, org.springframework.boot.test.mock.mockito.MockitoContextCustomizer@0], contextLoader = 'org.springframework.test.context.support.DelegatingSmartContextLoader', parent = [null]]]
00:15:21.927 [Test worker] DEBUG org.springframework.test.context.cache - Spring test ApplicationContext cache statistics: [DefaultContextCache@fda4b80 size = 1, maxSize = 32, parentContextCount = 0, hitCount = 47, missCount = 1]
00:15:21.929 [Test worker] DEBUG org.springframework.test.context.support.AbstractDirtiesContextTestExecutionListener - After test method: context [DefaultTestContext@6337a7b5 testClass = ElectionControllerTest, testInstance = com.okta.springbootvue.SpringBootVueApplication.Controller.ElectionControllerTest@18b71d42, testMethod = validateCandidate@ElectionControllerTest, testException = [null], mergedContextConfiguration = [MergedContextConfiguration@4751997f testClass = ElectionControllerTest, locations = '{classpath*:SpringBootVueApplication.class}', classes = '{}', contextInitializerClasses = '[]', activeProfiles = '{}', propertySourceLocations = '{}', propertySourceProperties = '{}', contextCustomizers = set[org.springframework.boot.test.autoconfigure.properties.PropertyMappingContextCustomizer@0, org.springframework.boot.test.autoconfigure.web.servlet.WebDriverContextCustomizerFactory$Customizer@5eba7a12, org.springframework.boot.test.context.filter.ExcludeFilterContextCustomizer@60e11cfd, org.springframework.boot.test.json.DuplicateJsonObjectContextCustomizerFactory$DuplicateJsonObjectContextCustomizer@736cf593, org.springframework.boot.test.mock.mockito.MockitoContextCustomizer@0], contextLoader = 'org.springframework.test.context.support.DelegatingSmartContextLoader', parent = [null]], attributes = map[[empty]]], class annotated with @DirtiesContext [false] with mode [null], method annotated with @DirtiesContext [false] with mode [null].
00:15:21.929 [Test worker] DEBUG org.springframework.test.annotation.ProfileValueUtils - Retrieved @ProfileValueSourceConfiguration [null] for test class [com.okta.springbootvue.SpringBootVueApplication.Controller.ElectionControllerTest]
00:15:21.929 [Test worker] DEBUG org.springframework.test.annotation.ProfileValueUtils - Retrieved ProfileValueSource type [class org.springframework.test.annotation.SystemProfileValueSource] for class [com.okta.springbootvue.SpringBootVueApplication.Controller.ElectionControllerTest]
00:15:21.931 [Test worker] DEBUG org.springframework.test.context.support.DependencyInjectionTestExecutionListener - Performing dependency injection for test context [[DefaultTestContext@6337a7b5 testClass = ElectionControllerTest, testInstance = com.okta.springbootvue.SpringBootVueApplication.Controller.ElectionControllerTest@6b0b1898, testMethod = [null], testException = [null], mergedContextConfiguration = [MergedContextConfiguration@4751997f testClass = ElectionControllerTest, locations = '{classpath*:SpringBootVueApplication.class}', classes = '{}', contextInitializerClasses = '[]', activeProfiles = '{}', propertySourceLocations = '{}', propertySourceProperties = '{}', contextCustomizers = set[org.springframework.boot.test.autoconfigure.properties.PropertyMappingContextCustomizer@0, org.springframework.boot.test.autoconfigure.web.servlet.WebDriverContextCustomizerFactory$Customizer@5eba7a12, org.springframework.boot.test.context.filter.ExcludeFilterContextCustomizer@60e11cfd, org.springframework.boot.test.json.DuplicateJsonObjectContextCustomizerFactory$DuplicateJsonObjectContextCustomizer@736cf593, org.springframework.boot.test.mock.mockito.MockitoContextCustomizer@0], contextLoader = 'org.springframework.test.context.support.DelegatingSmartContextLoader', parent = [null]], attributes = map[[empty]]]].
00:15:21.931 [Test worker] DEBUG org.springframework.test.context.cache.DefaultCacheAwareContextLoaderDelegate - Retrieved ApplicationContext from cache with key [[MergedContextConfiguration@4751997f testClass = ElectionControllerTest, locations = '{classpath*:SpringBootVueApplication.class}', classes = '{}', contextInitializerClasses = '[]', activeProfiles = '{}', propertySourceLocations = '{}', propertySourceProperties = '{}', contextCustomizers = set[org.springframework.boot.test.autoconfigure.properties.PropertyMappingContextCustomizer@0, org.springframework.boot.test.autoconfigure.web.servlet.WebDriverContextCustomizerFactory$Customizer@5eba7a12, org.springframework.boot.test.context.filter.ExcludeFilterContextCustomizer@60e11cfd, org.springframework.boot.test.json.DuplicateJsonObjectContextCustomizerFactory$DuplicateJsonObjectContextCustomizer@736cf593, org.springframework.boot.test.mock.mockito.MockitoContextCustomizer@0], contextLoader = 'org.springframework.test.context.support.DelegatingSmartContextLoader', parent = [null]]]
00:15:21.932 [Test worker] DEBUG org.springframework.test.context.cache - Spring test ApplicationContext cache statistics: [DefaultContextCache@fda4b80 size = 1, maxSize = 32, parentContextCount = 0, hitCount = 48, missCount = 1]
00:15:21.933 [Test worker] DEBUG org.springframework.test.context.support.AbstractDirtiesContextTestExecutionListener - Before test method: context [DefaultTestContext@6337a7b5 testClass = ElectionControllerTest, testInstance = com.okta.springbootvue.SpringBootVueApplication.Controller.ElectionControllerTest@6b0b1898, testMethod = listAllElections@ElectionControllerTest, testException = [null], mergedContextConfiguration = [MergedContextConfiguration@4751997f testClass = ElectionControllerTest, locations = '{classpath*:SpringBootVueApplication.class}', classes = '{}', contextInitializerClasses = '[]', activeProfiles = '{}', propertySourceLocations = '{}', propertySourceProperties = '{}', contextCustomizers = set[org.springframework.boot.test.autoconfigure.properties.PropertyMappingContextCustomizer@0, org.springframework.boot.test.autoconfigure.web.servlet.WebDriverContextCustomizerFactory$Customizer@5eba7a12, org.springframework.boot.test.context.filter.ExcludeFilterContextCustomizer@60e11cfd, org.springframework.boot.test.json.DuplicateJsonObjectContextCustomizerFactory$DuplicateJsonObjectContextCustomizer@736cf593, org.springframework.boot.test.mock.mockito.MockitoContextCustomizer@0], contextLoader = 'org.springframework.test.context.support.DelegatingSmartContextLoader', parent = [null]], attributes = map[[empty]]], class annotated with @DirtiesContext [false] with mode [null], method annotated with @DirtiesContext [false] with mode [null].
00:15:21.934 [Test worker] DEBUG org.springframework.test.context.cache.DefaultCacheAwareContextLoaderDelegate - Retrieved ApplicationContext from cache with key [[MergedContextConfiguration@4751997f testClass = ElectionControllerTest, locations = '{classpath*:SpringBootVueApplication.class}', classes = '{}', contextInitializerClasses = '[]', activeProfiles = '{}', propertySourceLocations = '{}', propertySourceProperties = '{}', contextCustomizers = set[org.springframework.boot.test.autoconfigure.properties.PropertyMappingContextCustomizer@0, org.springframework.boot.test.autoconfigure.web.servlet.WebDriverContextCustomizerFactory$Customizer@5eba7a12, org.springframework.boot.test.context.filter.ExcludeFilterContextCustomizer@60e11cfd, org.springframework.boot.test.json.DuplicateJsonObjectContextCustomizerFactory$DuplicateJsonObjectContextCustomizer@736cf593, org.springframework.boot.test.mock.mockito.MockitoContextCustomizer@0], contextLoader = 'org.springframework.test.context.support.DelegatingSmartContextLoader', parent = [null]]]
00:15:21.934 [Test worker] DEBUG org.springframework.test.context.cache - Spring test ApplicationContext cache statistics: [DefaultContextCache@fda4b80 size = 1, maxSize = 32, parentContextCount = 0, hitCount = 49, missCount = 1]
00:15:21.936 [Test worker] DEBUG org.springframework.test.context.cache.DefaultCacheAwareContextLoaderDelegate - Retrieved ApplicationContext from cache with key [[MergedContextConfiguration@4751997f testClass = ElectionControllerTest, locations = '{classpath*:SpringBootVueApplication.class}', classes = '{}', contextInitializerClasses = '[]', activeProfiles = '{}', propertySourceLocations = '{}', propertySourceProperties = '{}', contextCustomizers = set[org.springframework.boot.test.autoconfigure.properties.PropertyMappingContextCustomizer@0, org.springframework.boot.test.autoconfigure.web.servlet.WebDriverContextCustomizerFactory$Customizer@5eba7a12, org.springframework.boot.test.context.filter.ExcludeFilterContextCustomizer@60e11cfd, org.springframework.boot.test.json.DuplicateJsonObjectContextCustomizerFactory$DuplicateJsonObjectContextCustomizer@736cf593, org.springframework.boot.test.mock.mockito.MockitoContextCustomizer@0], contextLoader = 'org.springframework.test.context.support.DelegatingSmartContextLoader', parent = [null]]]
00:15:21.936 [Test worker] DEBUG org.springframework.test.context.cache - Spring test ApplicationContext cache statistics: [DefaultContextCache@fda4b80 size = 1, maxSize = 32, parentContextCount = 0, hitCount = 50, missCount = 1]
00:15:21.937 [Test worker] DEBUG org.springframework.test.context.cache.DefaultCacheAwareContextLoaderDelegate - Retrieved ApplicationContext from cache with key [[MergedContextConfiguration@4751997f testClass = ElectionControllerTest, locations = '{classpath*:SpringBootVueApplication.class}', classes = '{}', contextInitializerClasses = '[]', activeProfiles = '{}', propertySourceLocations = '{}', propertySourceProperties = '{}', contextCustomizers = set[org.springframework.boot.test.autoconfigure.properties.PropertyMappingContextCustomizer@0, org.springframework.boot.test.autoconfigure.web.servlet.WebDriverContextCustomizerFactory$Customizer@5eba7a12, org.springframework.boot.test.context.filter.ExcludeFilterContextCustomizer@60e11cfd, org.springframework.boot.test.json.DuplicateJsonObjectContextCustomizerFactory$DuplicateJsonObjectContextCustomizer@736cf593, org.springframework.boot.test.mock.mockito.MockitoContextCustomizer@0], contextLoader = 'org.springframework.test.context.support.DelegatingSmartContextLoader', parent = [null]]]
00:15:21.937 [Test worker] DEBUG org.springframework.test.context.cache - Spring test ApplicationContext cache statistics: [DefaultContextCache@fda4b80 size = 1, maxSize = 32, parentContextCount = 0, hitCount = 51, missCount = 1]
00:15:21.937 [Test worker] DEBUG org.springframework.test.context.cache.DefaultCacheAwareContextLoaderDelegate - Retrieved ApplicationContext from cache with key [[MergedContextConfiguration@4751997f testClass = ElectionControllerTest, locations = '{classpath*:SpringBootVueApplication.class}', classes = '{}', contextInitializerClasses = '[]', activeProfiles = '{}', propertySourceLocations = '{}', propertySourceProperties = '{}', contextCustomizers = set[org.springframework.boot.test.autoconfigure.properties.PropertyMappingContextCustomizer@0, org.springframework.boot.test.autoconfigure.web.servlet.WebDriverContextCustomizerFactory$Customizer@5eba7a12, org.springframework.boot.test.context.filter.ExcludeFilterContextCustomizer@60e11cfd, org.springframework.boot.test.json.DuplicateJsonObjectContextCustomizerFactory$DuplicateJsonObjectContextCustomizer@736cf593, org.springframework.boot.test.mock.mockito.MockitoContextCustomizer@0], contextLoader = 'org.springframework.test.context.support.DelegatingSmartContextLoader', parent = [null]]]
00:15:21.937 [Test worker] DEBUG org.springframework.test.context.cache - Spring test ApplicationContext cache statistics: [DefaultContextCache@fda4b80 size = 1, maxSize = 32, parentContextCount = 0, hitCount = 52, missCount = 1]
00:15:21.937 [Test worker] DEBUG org.springframework.test.context.cache.DefaultCacheAwareContextLoaderDelegate - Retrieved ApplicationContext from cache with key [[MergedContextConfiguration@4751997f testClass = ElectionControllerTest, locations = '{classpath*:SpringBootVueApplication.class}', classes = '{}', contextInitializerClasses = '[]', activeProfiles = '{}', propertySourceLocations = '{}', propertySourceProperties = '{}', contextCustomizers = set[org.springframework.boot.test.autoconfigure.properties.PropertyMappingContextCustomizer@0, org.springframework.boot.test.autoconfigure.web.servlet.WebDriverContextCustomizerFactory$Customizer@5eba7a12, org.springframework.boot.test.context.filter.ExcludeFilterContextCustomizer@60e11cfd, org.springframework.boot.test.json.DuplicateJsonObjectContextCustomizerFactory$DuplicateJsonObjectContextCustomizer@736cf593, org.springframework.boot.test.mock.mockito.MockitoContextCustomizer@0], contextLoader = 'org.springframework.test.context.support.DelegatingSmartContextLoader', parent = [null]]]
00:15:21.937 [Test worker] DEBUG org.springframework.test.context.cache - Spring test ApplicationContext cache statistics: [DefaultContextCache@fda4b80 size = 1, maxSize = 32, parentContextCount = 0, hitCount = 53, missCount = 1]
00:15:21.944 [Test worker] DEBUG org.springframework.test.context.support.AbstractDirtiesContextTestExecutionListener - After test method: context [DefaultTestContext@6337a7b5 testClass = ElectionControllerTest, testInstance = com.okta.springbootvue.SpringBootVueApplication.Controller.ElectionControllerTest@6b0b1898, testMethod = listAllElections@ElectionControllerTest, testException = [null], mergedContextConfiguration = [MergedContextConfiguration@4751997f testClass = ElectionControllerTest, locations = '{classpath*:SpringBootVueApplication.class}', classes = '{}', contextInitializerClasses = '[]', activeProfiles = '{}', propertySourceLocations = '{}', propertySourceProperties = '{}', contextCustomizers = set[org.springframework.boot.test.autoconfigure.properties.PropertyMappingContextCustomizer@0, org.springframework.boot.test.autoconfigure.web.servlet.WebDriverContextCustomizerFactory$Customizer@5eba7a12, org.springframework.boot.test.context.filter.ExcludeFilterContextCustomizer@60e11cfd, org.springframework.boot.test.json.DuplicateJsonObjectContextCustomizerFactory$DuplicateJsonObjectContextCustomizer@736cf593, org.springframework.boot.test.mock.mockito.MockitoContextCustomizer@0], contextLoader = 'org.springframework.test.context.support.DelegatingSmartContextLoader', parent = [null]], attributes = map[[empty]]], class annotated with @DirtiesContext [false] with mode [null], method annotated with @DirtiesContext [false] with mode [null].
00:15:21.945 [Test worker] DEBUG org.springframework.test.annotation.ProfileValueUtils - Retrieved @ProfileValueSourceConfiguration [null] for test class [com.okta.springbootvue.SpringBootVueApplication.Controller.ElectionControllerTest]
00:15:21.945 [Test worker] DEBUG org.springframework.test.annotation.ProfileValueUtils - Retrieved ProfileValueSource type [class org.springframework.test.annotation.SystemProfileValueSource] for class [com.okta.springbootvue.SpringBootVueApplication.Controller.ElectionControllerTest]
00:15:21.947 [Test worker] DEBUG org.springframework.test.context.support.DependencyInjectionTestExecutionListener - Performing dependency injection for test context [[DefaultTestContext@6337a7b5 testClass = ElectionControllerTest, testInstance = com.okta.springbootvue.SpringBootVueApplication.Controller.ElectionControllerTest@64617fc5, testMethod = [null], testException = [null], mergedContextConfiguration = [MergedContextConfiguration@4751997f testClass = ElectionControllerTest, locations = '{classpath*:SpringBootVueApplication.class}', classes = '{}', contextInitializerClasses = '[]', activeProfiles = '{}', propertySourceLocations = '{}', propertySourceProperties = '{}', contextCustomizers = set[org.springframework.boot.test.autoconfigure.properties.PropertyMappingContextCustomizer@0, org.springframework.boot.test.autoconfigure.web.servlet.WebDriverContextCustomizerFactory$Customizer@5eba7a12, org.springframework.boot.test.context.filter.ExcludeFilterContextCustomizer@60e11cfd, org.springframework.boot.test.json.DuplicateJsonObjectContextCustomizerFactory$DuplicateJsonObjectContextCustomizer@736cf593, org.springframework.boot.test.mock.mockito.MockitoContextCustomizer@0], contextLoader = 'org.springframework.test.context.support.DelegatingSmartContextLoader', parent = [null]], attributes = map[[empty]]]].
00:15:21.947 [Test worker] DEBUG org.springframework.test.context.cache.DefaultCacheAwareContextLoaderDelegate - Retrieved ApplicationContext from cache with key [[MergedContextConfiguration@4751997f testClass = ElectionControllerTest, locations = '{classpath*:SpringBootVueApplication.class}', classes = '{}', contextInitializerClasses = '[]', activeProfiles = '{}', propertySourceLocations = '{}', propertySourceProperties = '{}', contextCustomizers = set[org.springframework.boot.test.autoconfigure.properties.PropertyMappingContextCustomizer@0, org.springframework.boot.test.autoconfigure.web.servlet.WebDriverContextCustomizerFactory$Customizer@5eba7a12, org.springframework.boot.test.context.filter.ExcludeFilterContextCustomizer@60e11cfd, org.springframework.boot.test.json.DuplicateJsonObjectContextCustomizerFactory$DuplicateJsonObjectContextCustomizer@736cf593, org.springframework.boot.test.mock.mockito.MockitoContextCustomizer@0], contextLoader = 'org.springframework.test.context.support.DelegatingSmartContextLoader', parent = [null]]]
00:15:21.947 [Test worker] DEBUG org.springframework.test.context.cache - Spring test ApplicationContext cache statistics: [DefaultContextCache@fda4b80 size = 1, maxSize = 32, parentContextCount = 0, hitCount = 54, missCount = 1]
00:15:21.948 [Test worker] DEBUG org.springframework.test.context.support.AbstractDirtiesContextTestExecutionListener - Before test method: context [DefaultTestContext@6337a7b5 testClass = ElectionControllerTest, testInstance = com.okta.springbootvue.SpringBootVueApplication.Controller.ElectionControllerTest@64617fc5, testMethod = removeVoter@ElectionControllerTest, testException = [null], mergedContextConfiguration = [MergedContextConfiguration@4751997f testClass = ElectionControllerTest, locations = '{classpath*:SpringBootVueApplication.class}', classes = '{}', contextInitializerClasses = '[]', activeProfiles = '{}', propertySourceLocations = '{}', propertySourceProperties = '{}', contextCustomizers = set[org.springframework.boot.test.autoconfigure.properties.PropertyMappingContextCustomizer@0, org.springframework.boot.test.autoconfigure.web.servlet.WebDriverContextCustomizerFactory$Customizer@5eba7a12, org.springframework.boot.test.context.filter.ExcludeFilterContextCustomizer@60e11cfd, org.springframework.boot.test.json.DuplicateJsonObjectContextCustomizerFactory$DuplicateJsonObjectContextCustomizer@736cf593, org.springframework.boot.test.mock.mockito.MockitoContextCustomizer@0], contextLoader = 'org.springframework.test.context.support.DelegatingSmartContextLoader', parent = [null]], attributes = map[[empty]]], class annotated with @DirtiesContext [false] with mode [null], method annotated with @DirtiesContext [false] with mode [null].
00:15:21.949 [Test worker] DEBUG org.springframework.test.context.cache.DefaultCacheAwareContextLoaderDelegate - Retrieved ApplicationContext from cache with key [[MergedContextConfiguration@4751997f testClass = ElectionControllerTest, locations = '{classpath*:SpringBootVueApplication.class}', classes = '{}', contextInitializerClasses = '[]', activeProfiles = '{}', propertySourceLocations = '{}', propertySourceProperties = '{}', contextCustomizers = set[org.springframework.boot.test.autoconfigure.properties.PropertyMappingContextCustomizer@0, org.springframework.boot.test.autoconfigure.web.servlet.WebDriverContextCustomizerFactory$Customizer@5eba7a12, org.springframework.boot.test.context.filter.ExcludeFilterContextCustomizer@60e11cfd, org.springframework.boot.test.json.DuplicateJsonObjectContextCustomizerFactory$DuplicateJsonObjectContextCustomizer@736cf593, org.springframework.boot.test.mock.mockito.MockitoContextCustomizer@0], contextLoader = 'org.springframework.test.context.support.DelegatingSmartContextLoader', parent = [null]]]
00:15:21.949 [Test worker] DEBUG org.springframework.test.context.cache - Spring test ApplicationContext cache statistics: [DefaultContextCache@fda4b80 size = 1, maxSize = 32, parentContextCount = 0, hitCount = 55, missCount = 1]
00:15:21.951 [Test worker] DEBUG org.springframework.test.context.cache.DefaultCacheAwareContextLoaderDelegate - Retrieved ApplicationContext from cache with key [[MergedContextConfiguration@4751997f testClass = ElectionControllerTest, locations = '{classpath*:SpringBootVueApplication.class}', classes = '{}', contextInitializerClasses = '[]', activeProfiles = '{}', propertySourceLocations = '{}', propertySourceProperties = '{}', contextCustomizers = set[org.springframework.boot.test.autoconfigure.properties.PropertyMappingContextCustomizer@0, org.springframework.boot.test.autoconfigure.web.servlet.WebDriverContextCustomizerFactory$Customizer@5eba7a12, org.springframework.boot.test.context.filter.ExcludeFilterContextCustomizer@60e11cfd, org.springframework.boot.test.json.DuplicateJsonObjectContextCustomizerFactory$DuplicateJsonObjectContextCustomizer@736cf593, org.springframework.boot.test.mock.mockito.MockitoContextCustomizer@0], contextLoader = 'org.springframework.test.context.support.DelegatingSmartContextLoader', parent = [null]]]
00:15:21.951 [Test worker] DEBUG org.springframework.test.context.cache - Spring test ApplicationContext cache statistics: [DefaultContextCache@fda4b80 size = 1, maxSize = 32, parentContextCount = 0, hitCount = 56, missCount = 1]
00:15:21.951 [Test worker] DEBUG org.springframework.test.context.cache.DefaultCacheAwareContextLoaderDelegate - Retrieved ApplicationContext from cache with key [[MergedContextConfiguration@4751997f testClass = ElectionControllerTest, locations = '{classpath*:SpringBootVueApplication.class}', classes = '{}', contextInitializerClasses = '[]', activeProfiles = '{}', propertySourceLocations = '{}', propertySourceProperties = '{}', contextCustomizers = set[org.springframework.boot.test.autoconfigure.properties.PropertyMappingContextCustomizer@0, org.springframework.boot.test.autoconfigure.web.servlet.WebDriverContextCustomizerFactory$Customizer@5eba7a12, org.springframework.boot.test.context.filter.ExcludeFilterContextCustomizer@60e11cfd, org.springframework.boot.test.json.DuplicateJsonObjectContextCustomizerFactory$DuplicateJsonObjectContextCustomizer@736cf593, org.springframework.boot.test.mock.mockito.MockitoContextCustomizer@0], contextLoader = 'org.springframework.test.context.support.DelegatingSmartContextLoader', parent = [null]]]
00:15:21.951 [Test worker] DEBUG org.springframework.test.context.cache - Spring test ApplicationContext cache statistics: [DefaultContextCache@fda4b80 size = 1, maxSize = 32, parentContextCount = 0, hitCount = 57, missCount = 1]
00:15:21.951 [Test worker] DEBUG org.springframework.test.context.cache.DefaultCacheAwareContextLoaderDelegate - Retrieved ApplicationContext from cache with key [[MergedContextConfiguration@4751997f testClass = ElectionControllerTest, locations = '{classpath*:SpringBootVueApplication.class}', classes = '{}', contextInitializerClasses = '[]', activeProfiles = '{}', propertySourceLocations = '{}', propertySourceProperties = '{}', contextCustomizers = set[org.springframework.boot.test.autoconfigure.properties.PropertyMappingContextCustomizer@0, org.springframework.boot.test.autoconfigure.web.servlet.WebDriverContextCustomizerFactory$Customizer@5eba7a12, org.springframework.boot.test.context.filter.ExcludeFilterContextCustomizer@60e11cfd, org.springframework.boot.test.json.DuplicateJsonObjectContextCustomizerFactory$DuplicateJsonObjectContextCustomizer@736cf593, org.springframework.boot.test.mock.mockito.MockitoContextCustomizer@0], contextLoader = 'org.springframework.test.context.support.DelegatingSmartContextLoader', parent = [null]]]
00:15:21.951 [Test worker] DEBUG org.springframework.test.context.cache - Spring test ApplicationContext cache statistics: [DefaultContextCache@fda4b80 size = 1, maxSize = 32, parentContextCount = 0, hitCount = 58, missCount = 1]
00:15:21.952 [Test worker] DEBUG org.springframework.test.context.cache.DefaultCacheAwareContextLoaderDelegate - Retrieved ApplicationContext from cache with key [[MergedContextConfiguration@4751997f testClass = ElectionControllerTest, locations = '{classpath*:SpringBootVueApplication.class}', classes = '{}', contextInitializerClasses = '[]', activeProfiles = '{}', propertySourceLocations = '{}', propertySourceProperties = '{}', contextCustomizers = set[org.springframework.boot.test.autoconfigure.properties.PropertyMappingContextCustomizer@0, org.springframework.boot.test.autoconfigure.web.servlet.WebDriverContextCustomizerFactory$Customizer@5eba7a12, org.springframework.boot.test.context.filter.ExcludeFilterContextCustomizer@60e11cfd, org.springframework.boot.test.json.DuplicateJsonObjectContextCustomizerFactory$DuplicateJsonObjectContextCustomizer@736cf593, org.springframework.boot.test.mock.mockito.MockitoContextCustomizer@0], contextLoader = 'org.springframework.test.context.support.DelegatingSmartContextLoader', parent = [null]]]
00:15:21.952 [Test worker] DEBUG org.springframework.test.context.cache - Spring test ApplicationContext cache statistics: [DefaultContextCache@fda4b80 size = 1, maxSize = 32, parentContextCount = 0, hitCount = 59, missCount = 1]
00:15:21.953 [Test worker] DEBUG org.springframework.test.context.support.AbstractDirtiesContextTestExecutionListener - After test method: context [DefaultTestContext@6337a7b5 testClass = ElectionControllerTest, testInstance = com.okta.springbootvue.SpringBootVueApplication.Controller.ElectionControllerTest@64617fc5, testMethod = removeVoter@ElectionControllerTest, testException = [null], mergedContextConfiguration = [MergedContextConfiguration@4751997f testClass = ElectionControllerTest, locations = '{classpath*:SpringBootVueApplication.class}', classes = '{}', contextInitializerClasses = '[]', activeProfiles = '{}', propertySourceLocations = '{}', propertySourceProperties = '{}', contextCustomizers = set[org.springframework.boot.test.autoconfigure.properties.PropertyMappingContextCustomizer@0, org.springframework.boot.test.autoconfigure.web.servlet.WebDriverContextCustomizerFactory$Customizer@5eba7a12, org.springframework.boot.test.context.filter.ExcludeFilterContextCustomizer@60e11cfd, org.springframework.boot.test.json.DuplicateJsonObjectContextCustomizerFactory$DuplicateJsonObjectContextCustomizer@736cf593, org.springframework.boot.test.mock.mockito.MockitoContextCustomizer@0], contextLoader = 'org.springframework.test.context.support.DelegatingSmartContextLoader', parent = [null]], attributes = map[[empty]]], class annotated with @DirtiesContext [false] with mode [null], method annotated with @DirtiesContext [false] with mode [null].
00:15:21.954 [Test worker] DEBUG org.springframework.test.annotation.ProfileValueUtils - Retrieved @ProfileValueSourceConfiguration [null] for test class [com.okta.springbootvue.SpringBootVueApplication.Controller.ElectionControllerTest]
00:15:21.954 [Test worker] DEBUG org.springframework.test.annotation.ProfileValueUtils - Retrieved ProfileValueSource type [class org.springframework.test.annotation.SystemProfileValueSource] for class [com.okta.springbootvue.SpringBootVueApplication.Controller.ElectionControllerTest]
00:15:21.955 [Test worker] DEBUG org.springframework.test.context.support.DependencyInjectionTestExecutionListener - Performing dependency injection for test context [[DefaultTestContext@6337a7b5 testClass = ElectionControllerTest, testInstance = com.okta.springbootvue.SpringBootVueApplication.Controller.ElectionControllerTest@135b0271, testMethod = [null], testException = [null], mergedContextConfiguration = [MergedContextConfiguration@4751997f testClass = ElectionControllerTest, locations = '{classpath*:SpringBootVueApplication.class}', classes = '{}', contextInitializerClasses = '[]', activeProfiles = '{}', propertySourceLocations = '{}', propertySourceProperties = '{}', contextCustomizers = set[org.springframework.boot.test.autoconfigure.properties.PropertyMappingContextCustomizer@0, org.springframework.boot.test.autoconfigure.web.servlet.WebDriverContextCustomizerFactory$Customizer@5eba7a12, org.springframework.boot.test.context.filter.ExcludeFilterContextCustomizer@60e11cfd, org.springframework.boot.test.json.DuplicateJsonObjectContextCustomizerFactory$DuplicateJsonObjectContextCustomizer@736cf593, org.springframework.boot.test.mock.mockito.MockitoContextCustomizer@0], contextLoader = 'org.springframework.test.context.support.DelegatingSmartContextLoader', parent = [null]], attributes = map[[empty]]]].
00:15:21.955 [Test worker] DEBUG org.springframework.test.context.cache.DefaultCacheAwareContextLoaderDelegate - Retrieved ApplicationContext from cache with key [[MergedContextConfiguration@4751997f testClass = ElectionControllerTest, locations = '{classpath*:SpringBootVueApplication.class}', classes = '{}', contextInitializerClasses = '[]', activeProfiles = '{}', propertySourceLocations = '{}', propertySourceProperties = '{}', contextCustomizers = set[org.springframework.boot.test.autoconfigure.properties.PropertyMappingContextCustomizer@0, org.springframework.boot.test.autoconfigure.web.servlet.WebDriverContextCustomizerFactory$Customizer@5eba7a12, org.springframework.boot.test.context.filter.ExcludeFilterContextCustomizer@60e11cfd, org.springframework.boot.test.json.DuplicateJsonObjectContextCustomizerFactory$DuplicateJsonObjectContextCustomizer@736cf593, org.springframework.boot.test.mock.mockito.MockitoContextCustomizer@0], contextLoader = 'org.springframework.test.context.support.DelegatingSmartContextLoader', parent = [null]]]
00:15:21.955 [Test worker] DEBUG org.springframework.test.context.cache - Spring test ApplicationContext cache statistics: [DefaultContextCache@fda4b80 size = 1, maxSize = 32, parentContextCount = 0, hitCount = 60, missCount = 1]
00:15:21.956 [Test worker] DEBUG org.springframework.test.context.support.AbstractDirtiesContextTestExecutionListener - Before test method: context [DefaultTestContext@6337a7b5 testClass = ElectionControllerTest, testInstance = com.okta.springbootvue.SpringBootVueApplication.Controller.ElectionControllerTest@135b0271, testMethod = modifyPolicy@ElectionControllerTest, testException = [null], mergedContextConfiguration = [MergedContextConfiguration@4751997f testClass = ElectionControllerTest, locations = '{classpath*:SpringBootVueApplication.class}', classes = '{}', contextInitializerClasses = '[]', activeProfiles = '{}', propertySourceLocations = '{}', propertySourceProperties = '{}', contextCustomizers = set[org.springframework.boot.test.autoconfigure.properties.PropertyMappingContextCustomizer@0, org.springframework.boot.test.autoconfigure.web.servlet.WebDriverContextCustomizerFactory$Customizer@5eba7a12, org.springframework.boot.test.context.filter.ExcludeFilterContextCustomizer@60e11cfd, org.springframework.boot.test.json.DuplicateJsonObjectContextCustomizerFactory$DuplicateJsonObjectContextCustomizer@736cf593, org.springframework.boot.test.mock.mockito.MockitoContextCustomizer@0], contextLoader = 'org.springframework.test.context.support.DelegatingSmartContextLoader', parent = [null]], attributes = map[[empty]]], class annotated with @DirtiesContext [false] with mode [null], method annotated with @DirtiesContext [false] with mode [null].
00:15:21.957 [Test worker] DEBUG org.springframework.test.context.cache.DefaultCacheAwareContextLoaderDelegate - Retrieved ApplicationContext from cache with key [[MergedContextConfiguration@4751997f testClass = ElectionControllerTest, locations = '{classpath*:SpringBootVueApplication.class}', classes = '{}', contextInitializerClasses = '[]', activeProfiles = '{}', propertySourceLocations = '{}', propertySourceProperties = '{}', contextCustomizers = set[org.springframework.boot.test.autoconfigure.properties.PropertyMappingContextCustomizer@0, org.springframework.boot.test.autoconfigure.web.servlet.WebDriverContextCustomizerFactory$Customizer@5eba7a12, org.springframework.boot.test.context.filter.ExcludeFilterContextCustomizer@60e11cfd, org.springframework.boot.test.json.DuplicateJsonObjectContextCustomizerFactory$DuplicateJsonObjectContextCustomizer@736cf593, org.springframework.boot.test.mock.mockito.MockitoContextCustomizer@0], contextLoader = 'org.springframework.test.context.support.DelegatingSmartContextLoader', parent = [null]]]
00:15:21.957 [Test worker] DEBUG org.springframework.test.context.cache - Spring test ApplicationContext cache statistics: [DefaultContextCache@fda4b80 size = 1, maxSize = 32, parentContextCount = 0, hitCount = 61, missCount = 1]
00:15:21.958 [Test worker] DEBUG org.springframework.test.context.cache.DefaultCacheAwareContextLoaderDelegate - Retrieved ApplicationContext from cache with key [[MergedContextConfiguration@4751997f testClass = ElectionControllerTest, locations = '{classpath*:SpringBootVueApplication.class}', classes = '{}', contextInitializerClasses = '[]', activeProfiles = '{}', propertySourceLocations = '{}', propertySourceProperties = '{}', contextCustomizers = set[org.springframework.boot.test.autoconfigure.properties.PropertyMappingContextCustomizer@0, org.springframework.boot.test.autoconfigure.web.servlet.WebDriverContextCustomizerFactory$Customizer@5eba7a12, org.springframework.boot.test.context.filter.ExcludeFilterContextCustomizer@60e11cfd, org.springframework.boot.test.json.DuplicateJsonObjectContextCustomizerFactory$DuplicateJsonObjectContextCustomizer@736cf593, org.springframework.boot.test.mock.mockito.MockitoContextCustomizer@0], contextLoader = 'org.springframework.test.context.support.DelegatingSmartContextLoader', parent = [null]]]
00:15:21.958 [Test worker] DEBUG org.springframework.test.context.cache - Spring test ApplicationContext cache statistics: [DefaultContextCache@fda4b80 size = 1, maxSize = 32, parentContextCount = 0, hitCount = 62, missCount = 1]
[...]
00:15:21.997 [Test worker] DEBUG org.springframework.test.context.cache - Spring test ApplicationContext cache statistics: [DefaultContextCache@fda4b80 size = 1, maxSize = 32, parentContextCount = 0, hitCount = 92, missCount = 1]
00:15:21.997 [Test worker] DEBUG org.springframework.test.context.cache.DefaultCacheAwareContextLoaderDelegate - Retrieved ApplicationContext from cache with key [[MergedContextConfiguration@4751997f testClass = ElectionControllerTest, locations = '{classpath*:SpringBootVueApplication.class}', classes = '{}', contextInitializerClasses = '[]', activeProfiles = '{}', propertySourceLocations = '{}', propertySourceProperties = '{}', contextCustomizers = set[org.springframework.boot.test.autoconfigure.properties.PropertyMappingContextCustomizer@0, org.springframework.boot.test.autoconfigure.web.servlet.WebDriverContextCustomizerFactory$Customizer@5eba7a12, org.springframework.boot.test.context.filter.ExcludeFilterContextCustomizer@60e11cfd, org.springframework.boot.test.json.DuplicateJsonObjectContextCustomizerFactory$DuplicateJsonObjectContextCustomizer@736cf593, org.springframework.boot.test.mock.mockito.MockitoContextCustomizer@0], contextLoader = 'org.springframework.test.context.support.DelegatingSmartContextLoader', parent = [null]]]
00:15:21.997 [Test worker] DEBUG org.springframework.test.context.cache - Spring test ApplicationContext cache statistics: [DefaultContextCache@fda4b80 size = 1, maxSize = 32, parentContextCount = 0, hitCount = 93, missCount = 1]
00:15:21.997 [Test worker] DEBUG org.springframework.test.context.cache.DefaultCacheAwareContextLoaderDelegate - Retrieved ApplicationContext from cache with key [[MergedContextConfiguration@4751997f testClass = ElectionControllerTest, locations = '{classpath*:SpringBootVueApplication.class}', classes = '{}', contextInitializerClasses = '[]', activeProfiles = '{}', propertySourceLocations = '{}', propertySourceProperties = '{}', contextCustomizers = set[org.springframework.boot.test.autoconfigure.properties.PropertyMappingContextCustomizer@0, org.springframework.boot.test.autoconfigure.web.servlet.WebDriverContextCustomizerFactory$Customizer@5eba7a12, org.springframework.boot.test.context.filter.ExcludeFilterContextCustomizer@60e11cfd, org.springframework.boot.test.json.DuplicateJsonObjectContextCustomizerFactory$DuplicateJsonObjectContextCustomizer@736cf593, org.springframework.boot.test.mock.mockito.MockitoContextCustomizer@0], contextLoader = 'org.springframework.test.context.support.DelegatingSmartContextLoader', parent = [null]]]
00:15:21.997 [Test worker] DEBUG org.springframework.test.context.cache - Spring test ApplicationContext cache statistics: [DefaultContextCache@fda4b80 size = 1, maxSize = 32, parentContextCount = 0, hitCount = 94, missCount = 1]
00:15:21.997 [Test worker] DEBUG org.springframework.test.context.cache.DefaultCacheAwareContextLoaderDelegate - Retrieved ApplicationContext from cache with key [[MergedContextConfiguration@4751997f testClass = ElectionControllerTest, locations = '{classpath*:SpringBootVueApplication.class}', classes = '{}', contextInitializerClasses = '[]', activeProfiles = '{}', propertySourceLocations = '{}', propertySourceProperties = '{}', contextCustomizers = set[org.springframework.boot.test.autoconfigure.properties.PropertyMappingContextCustomizer@0, org.springframework.boot.test.autoconfigure.web.servlet.WebDriverContextCustomizerFactory$Customizer@5eba7a12, org.springframework.boot.test.context.filter.ExcludeFilterContextCustomizer@60e11cfd, org.springframework.boot.test.json.DuplicateJsonObjectContextCustomizerFactory$DuplicateJsonObjectContextCustomizer@736cf593, org.springframework.boot.test.mock.mockito.MockitoContextCustomizer@0], contextLoader = 'org.springframework.test.context.support.DelegatingSmartContextLoader', parent = [null]]]
00:15:21.998 [Test worker] DEBUG org.springframework.test.context.cache - Spring test ApplicationContext cache statistics: [DefaultContextCache@fda4b80 size = 1, maxSize = 32, parentContextCount = 0, hitCount = 95, missCount = 1]
00:15:21.998 [Test worker] DEBUG org.springframework.test.context.support.AbstractDirtiesContextTestExecutionListener - After test method: context [DefaultTestContext@6337a7b5 testClass = ElectionControllerTest, testInstance = com.okta.springbootvue.SpringBootVueApplication.Controller.ElectionControllerTest@27bfb6d, testMethod = createPolicy@ElectionControllerTest, testException = [null], mergedContextConfiguration = [MergedContextConfiguration@4751997f testClass = ElectionControllerTest, locations = '{classpath*:SpringBootVueApplication.class}', classes = '{}', contextInitializerClasses = '[]', activeProfiles = '{}', propertySourceLocations = '{}', propertySourceProperties = '{}', contextCustomizers = set[org.springframework.boot.test.autoconfigure.properties.PropertyMappingContextCustomizer@0, org.springframework.boot.test.autoconfigure.web.servlet.WebDriverContextCustomizerFactory$Customizer@5eba7a12, org.springframework.boot.test.context.filter.ExcludeFilterContextCustomizer@60e11cfd, org.springframework.boot.test.json.DuplicateJsonObjectContextCustomizerFactory$DuplicateJsonObjectContextCustomizer@736cf593, org.springframework.boot.test.mock.mockito.MockitoContextCustomizer@0], contextLoader = 'org.springframework.test.context.support.DelegatingSmartContextLoader', parent = [null]], attributes = map[[empty]]], class annotated with @DirtiesContext [false] with mode [null], method annotated with @DirtiesContext [false] with mode [null].
00:15:21.999 [Test worker] DEBUG org.springframework.test.annotation.ProfileValueUtils - Retrieved @ProfileValueSourceConfiguration [null] for test class [com.okta.springbootvue.SpringBootVueApplication.Controller.ElectionControllerTest]
00:15:21.999 [Test worker] DEBUG org.springframework.test.annotation.ProfileValueUtils - Retrieved ProfileValueSource type [class org.springframework.test.annotation.SystemProfileValueSource] for class [com.okta.springbootvue.SpringBootVueApplication.Controller.ElectionControllerTest]
00:15:22.000 [Test worker] DEBUG org.springframework.test.context.support.DependencyInjectionTestExecutionListener - Performing dependency injection for test context [[DefaultTestContext@6337a7b5 testClass = ElectionControllerTest, testInstance = com.okta.springbootvue.SpringBootVueApplication.Controller.ElectionControllerTest@1693b4c8, testMethod = [null], testException = [null], mergedContextConfiguration = [MergedContextConfiguration@4751997f testClass = ElectionControllerTest, locations = '{classpath*:SpringBootVueApplication.class}', classes = '{}', contextInitializerClasses = '[]', activeProfiles = '{}', propertySourceLocations = '{}', propertySourceProperties = '{}', contextCustomizers = set[org.springframework.boot.test.autoconfigure.properties.PropertyMappingContextCustomizer@0, org.springframework.boot.test.autoconfigure.web.servlet.WebDriverContextCustomizerFactory$Customizer@5eba7a12, org.springframework.boot.test.context.filter.ExcludeFilterContextCustomizer@60e11cfd, org.springframework.boot.test.json.DuplicateJsonObjectContextCustomizerFactory$DuplicateJsonObjectContextCustomizer@736cf593, org.springframework.boot.test.mock.mockito.MockitoContextCustomizer@0], contextLoader = 'org.springframework.test.context.support.DelegatingSmartContextLoader', parent = [null]], attributes = map[[empty]]]].
00:15:22.000 [Test worker] DEBUG org.springframework.test.context.cache.DefaultCacheAwareContextLoaderDelegate - Retrieved ApplicationContext from cache with key [[MergedContextConfiguration@4751997f testClass = ElectionControllerTest, locations = '{classpath*:SpringBootVueApplication.class}', classes = '{}', contextInitializerClasses = '[]', activeProfiles = '{}', propertySourceLocations = '{}', propertySourceProperties = '{}', contextCustomizers = set[org.springframework.boot.test.autoconfigure.properties.PropertyMappingContextCustomizer@0, org.springframework.boot.test.autoconfigure.web.servlet.WebDriverContextCustomizerFactory$Customizer@5eba7a12, org.springframework.boot.test.context.filter.ExcludeFilterContextCustomizer@60e11cfd, org.springframework.boot.test.json.DuplicateJsonObjectContextCustomizerFactory$DuplicateJsonObjectContextCustomizer@736cf593, org.springframework.boot.test.mock.mockito.MockitoContextCustomizer@0], contextLoader = 'org.springframework.test.context.support.DelegatingSmartContextLoader', parent = [null]]]
00:15:22.000 [Test worker] DEBUG org.springframework.test.context.cache - Spring test ApplicationContext cache statistics: [DefaultContextCache@fda4b80 size = 1, maxSize = 32, parentContextCount = 0, hitCount = 96, missCount = 1]
00:15:22.001 [Test worker] DEBUG org.springframework.test.context.support.AbstractDirtiesContextTestExecutionListener - Before test method: context [DefaultTestContext@6337a7b5 testClass = ElectionControllerTest, testInstance = com.okta.springbootvue.SpringBootVueApplication.Controller.ElectionControllerTest@1693b4c8, testMethod = getElection@ElectionControllerTest, testException = [null], mergedContextConfiguration = [MergedContextConfiguration@4751997f testClass = ElectionControllerTest, locations = '{classpath*:SpringBootVueApplication.class}', classes = '{}', contextInitializerClasses = '[]', activeProfiles = '{}', propertySourceLocations = '{}', propertySourceProperties = '{}', contextCustomizers = set[org.springframework.boot.test.autoconfigure.properties.PropertyMappingContextCustomizer@0, org.springframework.boot.test.autoconfigure.web.servlet.WebDriverContextCustomizerFactory$Customizer@5eba7a12, org.springframework.boot.test.context.filter.ExcludeFilterContextCustomizer@60e11cfd, org.springframework.boot.test.json.DuplicateJsonObjectContextCustomizerFactory$DuplicateJsonObjectContextCustomizer@736cf593, org.springframework.boot.test.mock.mockito.MockitoContextCustomizer@0], contextLoader = 'org.springframework.test.context.support.DelegatingSmartContextLoader', parent = [null]], attributes = map[[empty]]], class annotated with @DirtiesContext [false] with mode [null], method annotated with @DirtiesContext [false] with mode [null].
00:15:22.002 [Test worker] DEBUG org.springframework.test.context.cache.DefaultCacheAwareContextLoaderDelegate - Retrieved ApplicationContext from cache with key [[MergedContextConfiguration@4751997f testClass = ElectionControllerTest, locations = '{classpath*:SpringBootVueApplication.class}', classes = '{}', contextInitializerClasses = '[]', activeProfiles = '{}', propertySourceLocations = '{}', propertySourceProperties = '{}', contextCustomizers = set[org.springframework.boot.test.autoconfigure.properties.PropertyMappingContextCustomizer@0, org.springframework.boot.test.autoconfigure.web.servlet.WebDriverContextCustomizerFactory$Customizer@5eba7a12, org.springframework.boot.test.context.filter.ExcludeFilterContextCustomizer@60e11cfd, org.springframework.boot.test.json.DuplicateJsonObjectContextCustomizerFactory$DuplicateJsonObjectContextCustomizer@736cf593, org.springframework.boot.test.mock.mockito.MockitoContextCustomizer@0], contextLoader = 'org.springframework.test.context.support.DelegatingSmartContextLoader', parent = [null]]]
00:15:22.002 [Test worker] DEBUG org.springframework.test.context.cache - Spring test ApplicationContext cache statistics: [DefaultContextCache@fda4b80 size = 1, maxSize = 32, parentContextCount = 0, hitCount = 97, missCount = 1]
00:15:22.003 [Test worker] DEBUG org.springframework.test.context.cache.DefaultCacheAwareContextLoaderDelegate - Retrieved ApplicationContext from cache with key [[MergedContextConfiguration@4751997f testClass = ElectionControllerTest, locations = '{classpath*:SpringBootVueApplication.class}', classes = '{}', contextInitializerClasses = '[]', activeProfiles = '{}', propertySourceLocations = '{}', propertySourceProperties = '{}', contextCustomizers = set[org.springframework.boot.test.autoconfigure.properties.PropertyMappingContextCustomizer@0, org.springframework.boot.test.autoconfigure.web.servlet.WebDriverContextCustomizerFactory$Customizer@5eba7a12, org.springframework.boot.test.context.filter.ExcludeFilterContextCustomizer@60e11cfd, org.springframework.boot.test.json.DuplicateJsonObjectContextCustomizerFactory$DuplicateJsonObjectContextCustomizer@736cf593, org.springframework.boot.test.mock.mockito.MockitoContextCustomizer@0], contextLoader = 'org.springframework.test.context.support.DelegatingSmartContextLoader', parent = [null]]]
00:15:22.004 [Test worker] DEBUG org.springframework.test.context.cache - Spring test ApplicationContext cache statistics: [DefaultContextCache@fda4b80 size = 1, maxSize = 32, parentContextCount = 0, hitCount = 98, missCount = 1]
00:15:22.004 [Test worker] DEBUG org.springframework.test.context.cache.DefaultCacheAwareContextLoaderDelegate - Retrieved ApplicationContext from cache with key [[MergedContextConfiguration@4751997f testClass = ElectionControllerTest, locations = '{classpath*:SpringBootVueApplication.class}', classes = '{}', contextInitializerClasses = '[]', activeProfiles = '{}', propertySourceLocations = '{}', propertySourceProperties = '{}', contextCustomizers = set[org.springframework.boot.test.autoconfigure.properties.PropertyMappingContextCustomizer@0, org.springframework.boot.test.autoconfigure.web.servlet.WebDriverContextCustomizerFactory$Customizer@5eba7a12, org.springframework.boot.test.context.filter.ExcludeFilterContextCustomizer@60e11cfd, org.springframework.boot.test.json.DuplicateJsonObjectContextCustomizerFactory$DuplicateJsonObjectContextCustomizer@736cf593, org.springframework.boot.test.mock.mockito.MockitoContextCustomizer@0], contextLoader = 'org.springframework.test.context.support.DelegatingSmartContextLoader', parent = [null]]]
00:15:22.004 [Test worker] DEBUG org.springframework.test.context.cache - Spring test ApplicationContext cache statistics: [DefaultContextCache@fda4b80 size = 1, maxSize = 32, parentContextCount = 0, hitCount = 99, missCount = 1]
00:15:22.004 [Test worker] DEBUG org.springframework.test.context.cache.DefaultCacheAwareContextLoaderDelegate - Retrieved ApplicationContext from cache with key [[MergedContextConfiguration@4751997f testClass = ElectionControllerTest, locations = '{classpath*:SpringBootVueApplication.class}', classes = '{}', contextInitializerClasses = '[]', activeProfiles = '{}', propertySourceLocations = '{}', propertySourceProperties = '{}', contextCustomizers = set[org.springframework.boot.test.autoconfigure.properties.PropertyMappingContextCustomizer@0, org.springframework.boot.test.autoconfigure.web.servlet.WebDriverContextCustomizerFactory$Customizer@5eba7a12, org.springframework.boot.test.context.filter.ExcludeFilterContextCustomizer@60e11cfd, org.springframework.boot.test.json.DuplicateJsonObjectContextCustomizerFactory$DuplicateJsonObjectContextCustomizer@736cf593, org.springframework.boot.test.mock.mockito.MockitoContextCustomizer@0], contextLoader = 'org.springframework.test.context.support.DelegatingSmartContextLoader', parent = [null]]]
00:15:22.004 [Test worker] DEBUG org.springframework.test.context.cache - Spring test ApplicationContext cache statistics: [DefaultContextCache@fda4b80 size = 1, maxSize = 32, parentContextCount = 0, hitCount = 100, missCount = 1]
00:15:22.004 [Test worker] DEBUG org.springframework.test.context.cache.DefaultCacheAwareContextLoaderDelegate - Retrieved ApplicationContext from cache with key [[MergedContextConfiguration@4751997f testClass = ElectionControllerTest, locations = '{classpath*:SpringBootVueApplication.class}', classes = '{}', contextInitializerClasses = '[]', activeProfiles = '{}', propertySourceLocations = '{}', propertySourceProperties = '{}', contextCustomizers = set[org.springframework.boot.test.autoconfigure.properties.PropertyMappingContextCustomizer@0, org.springframework.boot.test.autoconfigure.web.servlet.WebDriverContextCustomizerFactory$Customizer@5eba7a12, org.springframework.boot.test.context.filter.ExcludeFilterContextCustomizer@60e11cfd, org.springframework.boot.test.json.DuplicateJsonObjectContextCustomizerFactory$DuplicateJsonObjectContextCustomizer@736cf593, org.springframework.boot.test.mock.mockito.MockitoContextCustomizer@0], contextLoader = 'org.springframework.test.context.support.DelegatingSmartContextLoader', parent = [null]]]
00:15:22.004 [Test worker] DEBUG org.springframework.test.context.cache - Spring test ApplicationContext cache statistics: [DefaultContextCache@fda4b80 size = 1, maxSize = 32, parentContextCount = 0, hitCount = 101, missCount = 1]
00:15:22.005 [Test worker] DEBUG org.springframework.test.context.support.AbstractDirtiesContextTestExecutionListener - After test method: context [DefaultTestContext@6337a7b5 testClass = ElectionControllerTest, testInstance = com.okta.springbootvue.SpringBootVueApplication.Controller.ElectionControllerTest@1693b4c8, testMethod = getElection@ElectionControllerTest, testException = [null], mergedContextConfiguration = [MergedContextConfiguration@4751997f testClass = ElectionControllerTest, locations = '{classpath*:SpringBootVueApplication.class}', classes = '{}', contextInitializerClasses = '[]', activeProfiles = '{}', propertySourceLocations = '{}', propertySourceProperties = '{}', contextCustomizers = set[org.springframework.boot.test.autoconfigure.properties.PropertyMappingContextCustomizer@0, org.springframework.boot.test.autoconfigure.web.servlet.WebDriverContextCustomizerFactory$Customizer@5eba7a12, org.springframework.boot.test.context.filter.ExcludeFilterContextCustomizer@60e11cfd, org.springframework.boot.test.json.DuplicateJsonObjectContextCustomizerFactory$DuplicateJsonObjectContextCustomizer@736cf593, org.springframework.boot.test.mock.mockito.MockitoContextCustomizer@0], contextLoader = 'org.springframework.test.context.support.DelegatingSmartContextLoader', parent = [null]], attributes = map[[empty]]], class annotated with @DirtiesContext [false] with mode [null], method annotated with @DirtiesContext [false] with mode [null].
00:15:22.006 [Test worker] DEBUG org.springframework.test.context.support.AbstractDirtiesContextTestExecutionListener - After test class: context [DefaultTestContext@6337a7b5 testClass = ElectionControllerTest, testInstance = [null], testMethod = [null], testException = [null], mergedContextConfiguration = [MergedContextConfiguration@4751997f testClass = ElectionControllerTest, locations = '{classpath*:SpringBootVueApplication.class}', classes = '{}', contextInitializerClasses = '[]', activeProfiles = '{}', propertySourceLocations = '{}', propertySourceProperties = '{}', contextCustomizers = set[org.springframework.boot.test.autoconfigure.properties.PropertyMappingContextCustomizer@0, org.springframework.boot.test.autoconfigure.web.servlet.WebDriverContextCustomizerFactory$Customizer@5eba7a12, org.springframework.boot.test.context.filter.ExcludeFilterContextCustomizer@60e11cfd, org.springframework.boot.test.json.DuplicateJsonObjectContextCustomizerFactory$DuplicateJsonObjectContextCustomizer@736cf593, org.springframework.boot.test.mock.mockito.MockitoContextCustomizer@0], contextLoader = 'org.springframework.test.context.support.DelegatingSmartContextLoader', parent = [null]], attributes = map[[empty]]], class annotated with @DirtiesContext [false] with mode [null].
]]></system-out>
  <system-err><![CDATA[]]></system-err>
</testsuite>
